[0.014s] Invoking command in '/home/moose/ros2_ws/build/kr210_description': CMAKE_PREFIX_PATH=${CMAKE_PREFIX_PATH}:/opt/ros/humble /usr/bin/cmake /home/moose/ros2_ws/src/kr210_description -DCMAKE_INSTALL_PREFIX=/home/moose/ros2_ws/install/kr210_description
[0.080s] -- The C compiler identification is GNU 11.4.0
[0.149s] -- The CXX compiler identification is GNU 11.4.0
[0.156s] -- Detecting C compiler ABI info
[0.247s] -- Detecting C compiler ABI info - done
[0.264s] -- Check for working C compiler: /usr/bin/cc - skipped
[0.265s] -- Detecting C compile features
[0.265s] -- Detecting C compile features - done
[0.272s] -- Detecting CXX compiler ABI info
[0.371s] -- Detecting CXX compiler ABI info - done
[0.382s] -- Check for working CXX compiler: /usr/bin/c++ - skipped
[0.382s] -- Detecting CXX compile features
[0.383s] -- Detecting CXX compile features - done
[0.386s] -- Found ament_cmake: 1.3.8 (/opt/ros/humble/share/ament_cmake/cmake)
[0.603s] -- Found Python3: /usr/bin/python3 (found version "3.10.12") found components: Interpreter 
[0.835s] -- Configuring done
[0.840s] -- Generating done
[0.841s] -- Build files have been written to: /home/moose/ros2_ws/build/kr210_description
[0.848s] Invoked command in '/home/moose/ros2_ws/build/kr210_description' returned '0': CMAKE_PREFIX_PATH=${CMAKE_PREFIX_PATH}:/opt/ros/humble /usr/bin/cmake /home/moose/ros2_ws/src/kr210_description -DCMAKE_INSTALL_PREFIX=/home/moose/ros2_ws/install/kr210_description
[0.851s] Invoking command in '/home/moose/ros2_ws/build/kr210_description': CMAKE_PREFIX_PATH=${CMAKE_PREFIX_PATH}:/opt/ros/humble /usr/bin/cmake --build /home/moose/ros2_ws/build/kr210_description -- -j4 -l4
[0.902s] Invoked command in '/home/moose/ros2_ws/build/kr210_description' returned '0': CMAKE_PREFIX_PATH=${CMAKE_PREFIX_PATH}:/opt/ros/humble /usr/bin/cmake --build /home/moose/ros2_ws/build/kr210_description -- -j4 -l4
[0.950s] Invoking command in '/home/moose/ros2_ws/build/kr210_description': CMAKE_PREFIX_PATH=${CMAKE_PREFIX_PATH}:/opt/ros/humble /usr/bin/cmake --install /home/moose/ros2_ws/build/kr210_description
[0.961s] -- Install configuration: ""
[0.961s] -- Installing: /home/moose/ros2_ws/install/kr210_description/share/kr210_description/urdf
[0.962s] -- Installing: /home/moose/ros2_ws/install/kr210_description/share/kr210_description/urdf/kr210_arm_gazebo.urdf.xacro
[0.962s] -- Installing: /home/moose/ros2_ws/install/kr210_description/share/kr210_description/urdf/kr210_arm.urdf.xacro
[0.962s] -- Installing: /home/moose/ros2_ws/install/kr210_description/share/kr210_description/urdf/kr210.urdf.xacro
[0.962s] -- Installing: /home/moose/ros2_ws/install/kr210_description/share/kr210_description/meshes
[0.963s] -- Installing: /home/moose/ros2_ws/install/kr210_description/share/kr210_description/meshes/gripper
[0.963s] -- Installing: /home/moose/ros2_ws/install/kr210_description/share/kr210_description/meshes/gripper/gripper_base.dae
[0.963s] -- Installing: /home/moose/ros2_ws/install/kr210_description/share/kr210_description/meshes/gripper/finger_right_collision.dae
[0.963s] -- Installing: /home/moose/ros2_ws/install/kr210_description/share/kr210_description/meshes/gripper/finger_left.dae
[0.964s] -- Installing: /home/moose/ros2_ws/install/kr210_description/share/kr210_description/meshes/gripper/finger_left_collision.dae
[0.964s] -- Installing: /home/moose/ros2_ws/install/kr210_description/share/kr210_description/meshes/gripper/finger_right.dae
[0.964s] -- Installing: /home/moose/ros2_ws/install/kr210_description/share/kr210_description/meshes/kr210l150
[0.965s] -- Installing: /home/moose/ros2_ws/install/kr210_description/share/kr210_description/meshes/kr210l150/README.md
[0.965s] -- Installing: /home/moose/ros2_ws/install/kr210_description/share/kr210_description/meshes/kr210l150/collision
[0.966s] -- Installing: /home/moose/ros2_ws/install/kr210_description/share/kr210_description/meshes/kr210l150/collision/link_2.stl
[0.966s] -- Installing: /home/moose/ros2_ws/install/kr210_description/share/kr210_description/meshes/kr210l150/collision/base_link.stl
[0.967s] -- Installing: /home/moose/ros2_ws/install/kr210_description/share/kr210_description/meshes/kr210l150/collision/link_3.stl
[0.967s] -- Installing: /home/moose/ros2_ws/install/kr210_description/share/kr210_description/meshes/kr210l150/collision/link_1.stl
[0.968s] -- Installing: /home/moose/ros2_ws/install/kr210_description/share/kr210_description/meshes/kr210l150/collision/link_6.stl
[0.968s] -- Installing: /home/moose/ros2_ws/install/kr210_description/share/kr210_description/meshes/kr210l150/collision/link_5.stl
[0.968s] -- Installing: /home/moose/ros2_ws/install/kr210_description/share/kr210_description/meshes/kr210l150/collision/link_4.stl
[0.969s] -- Installing: /home/moose/ros2_ws/install/kr210_description/share/kr210_description/meshes/kr210l150/visual
[0.969s] -- Installing: /home/moose/ros2_ws/install/kr210_description/share/kr210_description/meshes/kr210l150/visual/link_5.dae
[0.970s] -- Installing: /home/moose/ros2_ws/install/kr210_description/share/kr210_description/meshes/kr210l150/visual/link_6.dae
[0.973s] -- Installing: /home/moose/ros2_ws/install/kr210_description/share/kr210_description/meshes/kr210l150/visual/base_link.dae
[0.973s] -- Installing: /home/moose/ros2_ws/install/kr210_description/share/kr210_description/meshes/kr210l150/visual/link_1.dae
[0.975s] -- Installing: /home/moose/ros2_ws/install/kr210_description/share/kr210_description/meshes/kr210l150/visual/link_3.dae
[0.980s] -- Installing: /home/moose/ros2_ws/install/kr210_description/share/kr210_description/meshes/kr210l150/visual/link_4.dae
[0.981s] -- Installing: /home/moose/ros2_ws/install/kr210_description/share/kr210_description/meshes/kr210l150/visual/link_2.dae
[0.987s] -- Installing: /home/moose/ros2_ws/install/kr210_description/share/ament_index/resource_index/package_run_dependencies/kr210_description
[0.987s] -- Installing: /home/moose/ros2_ws/install/kr210_description/share/ament_index/resource_index/parent_prefix_path/kr210_description
[0.987s] -- Installing: /home/moose/ros2_ws/install/kr210_description/share/kr210_description/environment/ament_prefix_path.sh
[0.988s] -- Installing: /home/moose/ros2_ws/install/kr210_description/share/kr210_description/environment/ament_prefix_path.dsv
[0.988s] -- Installing: /home/moose/ros2_ws/install/kr210_description/share/kr210_description/environment/path.sh
[0.988s] -- Installing: /home/moose/ros2_ws/install/kr210_description/share/kr210_description/environment/path.dsv
[0.988s] -- Installing: /home/moose/ros2_ws/install/kr210_description/share/kr210_description/local_setup.bash
[0.988s] -- Installing: /home/moose/ros2_ws/install/kr210_description/share/kr210_description/local_setup.sh
[0.988s] -- Installing: /home/moose/ros2_ws/install/kr210_description/share/kr210_description/local_setup.zsh
[0.989s] -- Installing: /home/moose/ros2_ws/install/kr210_description/share/kr210_description/local_setup.dsv
[0.989s] -- Installing: /home/moose/ros2_ws/install/kr210_description/share/kr210_description/package.dsv
[0.989s] -- Installing: /home/moose/ros2_ws/install/kr210_description/share/ament_index/resource_index/packages/kr210_description
[0.990s] -- Installing: /home/moose/ros2_ws/install/kr210_description/share/kr210_description/cmake/kr210_descriptionConfig.cmake
[0.990s] -- Installing: /home/moose/ros2_ws/install/kr210_description/share/kr210_description/cmake/kr210_descriptionConfig-version.cmake
[0.990s] -- Installing: /home/moose/ros2_ws/install/kr210_description/share/kr210_description/package.xml
[0.993s] Invoked command in '/home/moose/ros2_ws/build/kr210_description' returned '0': CMAKE_PREFIX_PATH=${CMAKE_PREFIX_PATH}:/opt/ros/humble /usr/bin/cmake --install /home/moose/ros2_ws/build/kr210_description
