[0.016s] Invoking command in '/home/moose/ros2_ws/build/kr210_bringup': CMAKE_PREFIX_PATH=${CMAKE_PREFIX_PATH}:/opt/ros/humble /usr/bin/cmake /home/moose/ros2_ws/src/kr210_bringup -DCMAKE_INSTALL_PREFIX=/home/moose/ros2_ws/install/kr210_bringup
[0.085s] -- The C compiler identification is GNU 11.4.0
[0.156s] -- The CXX compiler identification is GNU 11.4.0
[0.163s] -- Detecting C compiler ABI info
[0.254s] -- Detecting C compiler ABI info - done
[0.271s] -- Check for working C compiler: /usr/bin/cc - skipped
[0.272s] -- Detecting C compile features
[0.273s] -- Detecting C compile features - done
[0.279s] -- Detecting CXX compiler ABI info
[0.382s] -- Detecting CXX compiler ABI info - done
[0.392s] -- Check for working CXX compiler: /usr/bin/c++ - skipped
[0.393s] -- Detecting CXX compile features
[0.393s] -- Detecting CXX compile features - done
[0.397s] -- Found ament_cmake: 1.3.8 (/opt/ros/humble/share/ament_cmake/cmake)
[0.619s] -- Found Python3: /usr/bin/python3 (found version "3.10.12") found components: Interpreter 
[0.853s] -- Configuring done
[0.858s] -- Generating done
[0.859s] -- Build files have been written to: /home/moose/ros2_ws/build/kr210_bringup
[0.865s] Invoked command in '/home/moose/ros2_ws/build/kr210_bringup' returned '0': CMAKE_PREFIX_PATH=${CMAKE_PREFIX_PATH}:/opt/ros/humble /usr/bin/cmake /home/moose/ros2_ws/src/kr210_bringup -DCMAKE_INSTALL_PREFIX=/home/moose/ros2_ws/install/kr210_bringup
[0.867s] Invoking command in '/home/moose/ros2_ws/build/kr210_bringup': CMAKE_PREFIX_PATH=${CMAKE_PREFIX_PATH}:/opt/ros/humble /usr/bin/cmake --build /home/moose/ros2_ws/build/kr210_bringup -- -j4 -l4
[0.920s] Invoked command in '/home/moose/ros2_ws/build/kr210_bringup' returned '0': CMAKE_PREFIX_PATH=${CMAKE_PREFIX_PATH}:/opt/ros/humble /usr/bin/cmake --build /home/moose/ros2_ws/build/kr210_bringup -- -j4 -l4
[0.960s] Invoking command in '/home/moose/ros2_ws/build/kr210_bringup': CMAKE_PREFIX_PATH=${CMAKE_PREFIX_PATH}:/opt/ros/humble /usr/bin/cmake --install /home/moose/ros2_ws/build/kr210_bringup
[0.971s] -- Install configuration: ""
[0.971s] -- Installing: /home/moose/ros2_ws/install/kr210_bringup/share/kr210_bringup/launch
[0.972s] -- Installing: /home/moose/ros2_ws/install/kr210_bringup/share/kr210_bringup/launch/kr210_rviz.launch.xml
[0.973s] -- Installing: /home/moose/ros2_ws/install/kr210_bringup/share/kr210_bringup/launch/kr210_gazebo.launch.xml
[0.973s] -- Installing: /home/moose/ros2_ws/install/kr210_bringup/share/ament_index/resource_index/package_run_dependencies/kr210_bringup
[0.974s] -- Installing: /home/moose/ros2_ws/install/kr210_bringup/share/ament_index/resource_index/parent_prefix_path/kr210_bringup
[0.974s] -- Installing: /home/moose/ros2_ws/install/kr210_bringup/share/kr210_bringup/environment/ament_prefix_path.sh
[0.974s] -- Installing: /home/moose/ros2_ws/install/kr210_bringup/share/kr210_bringup/environment/ament_prefix_path.dsv
[0.975s] -- Installing: /home/moose/ros2_ws/install/kr210_bringup/share/kr210_bringup/environment/path.sh
[0.975s] -- Installing: /home/moose/ros2_ws/install/kr210_bringup/share/kr210_bringup/environment/path.dsv
[0.976s] -- Installing: /home/moose/ros2_ws/install/kr210_bringup/share/kr210_bringup/local_setup.bash
[0.976s] -- Installing: /home/moose/ros2_ws/install/kr210_bringup/share/kr210_bringup/local_setup.sh
[0.976s] -- Installing: /home/moose/ros2_ws/install/kr210_bringup/share/kr210_bringup/local_setup.zsh
[0.976s] -- Installing: /home/moose/ros2_ws/install/kr210_bringup/share/kr210_bringup/local_setup.dsv
[0.976s] -- Installing: /home/moose/ros2_ws/install/kr210_bringup/share/kr210_bringup/package.dsv
[0.976s] -- Installing: /home/moose/ros2_ws/install/kr210_bringup/share/ament_index/resource_index/packages/kr210_bringup
[0.977s] -- Installing: /home/moose/ros2_ws/install/kr210_bringup/share/kr210_bringup/cmake/kr210_bringupConfig.cmake
[0.977s] -- Installing: /home/moose/ros2_ws/install/kr210_bringup/share/kr210_bringup/cmake/kr210_bringupConfig-version.cmake
[0.977s] -- Installing: /home/moose/ros2_ws/install/kr210_bringup/share/kr210_bringup/package.xml
[0.979s] Invoked command in '/home/moose/ros2_ws/build/kr210_bringup' returned '0': CMAKE_PREFIX_PATH=${CMAKE_PREFIX_PATH}:/opt/ros/humble /usr/bin/cmake --install /home/moose/ros2_ws/build/kr210_bringup
