[0.020s] Invoking command in '/home/moose/ros2_ws/build/kr210_bringup': CMAKE_PREFIX_PATH=${CMAKE_PREFIX_PATH}:/opt/ros/humble /usr/bin/cmake --build /home/moose/ros2_ws/build/kr210_bringup -- -j4 -l4
[0.137s] Invoked command in '/home/moose/ros2_ws/build/kr210_bringup' returned '0': CMAKE_PREFIX_PATH=${CMAKE_PREFIX_PATH}:/opt/ros/humble /usr/bin/cmake --build /home/moose/ros2_ws/build/kr210_bringup -- -j4 -l4
[0.171s] Invoking command in '/home/moose/ros2_ws/build/kr210_bringup': CMAKE_PREFIX_PATH=${CMAKE_PREFIX_PATH}:/opt/ros/humble /usr/bin/cmake --install /home/moose/ros2_ws/build/kr210_bringup
[0.182s] -- Install configuration: ""
[0.183s] -- Up-to-date: /home/moose/ros2_ws/install/kr210_bringup/share/kr210_bringup/launch
[0.183s] -- Up-to-date: /home/moose/ros2_ws/install/kr210_bringup/share/kr210_bringup/launch/kr210_rviz.launch.xml
[0.183s] -- Up-to-date: /home/moose/ros2_ws/install/kr210_bringup/share/ament_index/resource_index/package_run_dependencies/kr210_bringup
[0.186s] -- Up-to-date: /home/moose/ros2_ws/install/kr210_bringup/share/ament_index/resource_index/parent_prefix_path/kr210_bringup
[0.186s] -- Up-to-date: /home/moose/ros2_ws/install/kr210_bringup/share/kr210_bringup/environment/ament_prefix_path.sh
[0.187s] -- Up-to-date: /home/moose/ros2_ws/install/kr210_bringup/share/kr210_bringup/environment/ament_prefix_path.dsv
[0.187s] -- Up-to-date: /home/moose/ros2_ws/install/kr210_bringup/share/kr210_bringup/environment/path.sh
[0.187s] -- Up-to-date: /home/moose/ros2_ws/install/kr210_bringup/share/kr210_bringup/environment/path.dsv
[0.187s] -- Up-to-date: /home/moose/ros2_ws/install/kr210_bringup/share/kr210_bringup/local_setup.bash
[0.187s] -- Up-to-date: /home/moose/ros2_ws/install/kr210_bringup/share/kr210_bringup/local_setup.sh
[0.188s] -- Up-to-date: /home/moose/ros2_ws/install/kr210_bringup/share/kr210_bringup/local_setup.zsh
[0.188s] -- Up-to-date: /home/moose/ros2_ws/install/kr210_bringup/share/kr210_bringup/local_setup.dsv
[0.190s] -- Installing: /home/moose/ros2_ws/install/kr210_bringup/share/kr210_bringup/package.dsv
[0.191s] -- Up-to-date: /home/moose/ros2_ws/install/kr210_bringup/share/ament_index/resource_index/packages/kr210_bringup
[0.191s] -- Up-to-date: /home/moose/ros2_ws/install/kr210_bringup/share/kr210_bringup/cmake/kr210_bringupConfig.cmake
[0.192s] -- Up-to-date: /home/moose/ros2_ws/install/kr210_bringup/share/kr210_bringup/cmake/kr210_bringupConfig-version.cmake
[0.192s] -- Up-to-date: /home/moose/ros2_ws/install/kr210_bringup/share/kr210_bringup/package.xml
[0.194s] Invoked command in '/home/moose/ros2_ws/build/kr210_bringup' returned '0': CMAKE_PREFIX_PATH=${CMAKE_PREFIX_PATH}:/opt/ros/humble /usr/bin/cmake --install /home/moose/ros2_ws/build/kr210_bringup
