[0.016s] Invoking command in '/home/moose/ros2_ws/build/kr210_description': CMAKE_PREFIX_PATH=/opt/ros/humble /usr/bin/cmake /home/moose/ros2_ws/src/kr210_description -DCMAKE_INSTALL_PREFIX=/home/moose/ros2_ws/install/kr210_description
[0.199s] -- The C compiler identification is GNU 11.4.0
[0.338s] -- The CXX compiler identification is GNU 11.4.0
[0.354s] -- Detecting C compiler ABI info
[0.442s] -- Detecting C compiler ABI info - done
[0.450s] -- Check for working C compiler: /usr/bin/cc - skipped
[0.451s] -- Detecting C compile features
[0.452s] -- Detecting C compile features - done
[0.456s] -- Detecting CXX compiler ABI info
[0.550s] -- Detecting CXX compiler ABI info - done
[0.558s] -- Check for working CXX compiler: /usr/bin/c++ - skipped
[0.559s] -- Detecting CXX compile features
[0.559s] -- Detecting CXX compile features - done
[0.567s] -- Found ament_cmake: 1.3.8 (/opt/ros/humble/share/ament_cmake/cmake)
[0.748s] -- Found Python3: /usr/bin/python3 (found version "3.10.12") found components: Interpreter 
[0.950s] -- Configuring done
[0.953s] -- Generating done
[0.953s] -- Build files have been written to: /home/moose/ros2_ws/build/kr210_description
[0.958s] Invoked command in '/home/moose/ros2_ws/build/kr210_description' returned '0': CMAKE_PREFIX_PATH=/opt/ros/humble /usr/bin/cmake /home/moose/ros2_ws/src/kr210_description -DCMAKE_INSTALL_PREFIX=/home/moose/ros2_ws/install/kr210_description
[0.961s] Invoking command in '/home/moose/ros2_ws/build/kr210_description': CMAKE_PREFIX_PATH=/opt/ros/humble /usr/bin/cmake --build /home/moose/ros2_ws/build/kr210_description -- -j4 -l4
[1.003s] Invoked command in '/home/moose/ros2_ws/build/kr210_description' returned '0': CMAKE_PREFIX_PATH=/opt/ros/humble /usr/bin/cmake --build /home/moose/ros2_ws/build/kr210_description -- -j4 -l4
[1.039s] Invoking command in '/home/moose/ros2_ws/build/kr210_description': CMAKE_PREFIX_PATH=/opt/ros/humble /usr/bin/cmake --install /home/moose/ros2_ws/build/kr210_description
[1.047s] -- Install configuration: ""
[1.047s] [31mCMake Error at cmake_install.cmake:46 (file):
[1.047s]   file INSTALL cannot find "/home/moose/ros2_ws/src/kr210_description/urdf":
[1.047s]   No such file or directory.
[1.047s] 
[1.047s] [0m
[1.048s] Invoked command in '/home/moose/ros2_ws/build/kr210_description' returned '1': CMAKE_PREFIX_PATH=/opt/ros/humble /usr/bin/cmake --install /home/moose/ros2_ws/build/kr210_description
