[0.014s] Invoking command in '/home/moose/ros2_ws/build/kr210_description': CMAKE_PREFIX_PATH=${CMAKE_PREFIX_PATH}:/opt/ros/humble /usr/bin/cmake /home/moose/ros2_ws/src/kr210_description -DCMAKE_INSTALL_PREFIX=/home/moose/ros2_ws/install/kr210_description
[0.188s] -- The C compiler identification is GNU 11.4.0
[0.340s] -- The CXX compiler identification is GNU 11.4.0
[0.353s] -- Detecting C compiler ABI info
[0.441s] -- Detecting C compiler ABI info - done
[0.450s] -- Check for working C compiler: /usr/bin/cc - skipped
[0.450s] -- Detecting C compile features
[0.450s] -- Detecting C compile features - done
[0.455s] -- Detecting CXX compiler ABI info
[0.551s] -- Detecting CXX compiler ABI info - done
[0.560s] -- Check for working CXX compiler: /usr/bin/c++ - skipped
[0.560s] -- Detecting CXX compile features
[0.561s] -- Detecting CXX compile features - done
[0.567s] -- Found ament_cmake: 1.3.8 (/opt/ros/humble/share/ament_cmake/cmake)
[0.762s] -- Found Python3: /usr/bin/python3 (found version "3.10.12") found components: Interpreter 
[0.972s] -- Configuring done
[0.975s] -- Generating done
[0.976s] -- Build files have been written to: /home/moose/ros2_ws/build/kr210_description
[0.985s] Invoked command in '/home/moose/ros2_ws/build/kr210_description' returned '0': CMAKE_PREFIX_PATH=${CMAKE_PREFIX_PATH}:/opt/ros/humble /usr/bin/cmake /home/moose/ros2_ws/src/kr210_description -DCMAKE_INSTALL_PREFIX=/home/moose/ros2_ws/install/kr210_description
[0.987s] Invoking command in '/home/moose/ros2_ws/build/kr210_description': CMAKE_PREFIX_PATH=${CMAKE_PREFIX_PATH}:/opt/ros/humble /usr/bin/cmake --build /home/moose/ros2_ws/build/kr210_description -- -j4 -l4
[1.031s] Invoked command in '/home/moose/ros2_ws/build/kr210_description' returned '0': CMAKE_PREFIX_PATH=${CMAKE_PREFIX_PATH}:/opt/ros/humble /usr/bin/cmake --build /home/moose/ros2_ws/build/kr210_description -- -j4 -l4
[1.067s] Invoking command in '/home/moose/ros2_ws/build/kr210_description': CMAKE_PREFIX_PATH=${CMAKE_PREFIX_PATH}:/opt/ros/humble /usr/bin/cmake --install /home/moose/ros2_ws/build/kr210_description
[1.076s] -- Install configuration: ""
[1.077s] -- Installing: /home/moose/ros2_ws/install/kr210_description/share/kr210_description/urdf
[1.077s] -- Installing: /home/moose/ros2_ws/install/kr210_description/share/kr210_description/urdf/kr210_arm_gazebo.urdf.xacro
[1.077s] -- Installing: /home/moose/ros2_ws/install/kr210_description/share/kr210_description/urdf/kr210_arm.urdf.xacro
[1.078s] -- Installing: /home/moose/ros2_ws/install/kr210_description/share/kr210_description/urdf/kr210.urdf.xacro
[1.078s] -- Installing: /home/moose/ros2_ws/install/kr210_description/share/kr210_description/meshes
[1.079s] -- Installing: /home/moose/ros2_ws/install/kr210_description/share/kr210_description/meshes/base_link.stl
[1.079s] -- Installing: /home/moose/ros2_ws/install/kr210_description/share/kr210_description/meshes/gripper
[1.079s] -- Installing: /home/moose/ros2_ws/install/kr210_description/share/kr210_description/meshes/gripper/gripper_base.dae
[1.079s] -- Installing: /home/moose/ros2_ws/install/kr210_description/share/kr210_description/meshes/gripper/finger_right_collision.dae
[1.079s] -- Installing: /home/moose/ros2_ws/install/kr210_description/share/kr210_description/meshes/gripper/finger_left.dae
[1.079s] -- Installing: /home/moose/ros2_ws/install/kr210_description/share/kr210_description/meshes/gripper/finger_left_collision.dae
[1.080s] -- Installing: /home/moose/ros2_ws/install/kr210_description/share/kr210_description/meshes/gripper/finger_right.dae
[1.080s] -- Installing: /home/moose/ros2_ws/install/kr210_description/share/kr210_description/meshes/kr210l150
[1.081s] -- Installing: /home/moose/ros2_ws/install/kr210_description/share/kr210_description/meshes/kr210l150/README.md
[1.081s] -- Installing: /home/moose/ros2_ws/install/kr210_description/share/kr210_description/meshes/kr210l150/collision
[1.082s] -- Installing: /home/moose/ros2_ws/install/kr210_description/share/kr210_description/meshes/kr210l150/collision/link_2.stl
[1.082s] -- Installing: /home/moose/ros2_ws/install/kr210_description/share/kr210_description/meshes/kr210l150/collision/base_link.stl
[1.083s] -- Installing: /home/moose/ros2_ws/install/kr210_description/share/kr210_description/meshes/kr210l150/collision/link_3.stl
[1.083s] -- Installing: /home/moose/ros2_ws/install/kr210_description/share/kr210_description/meshes/kr210l150/collision/link_1.stl
[1.083s] -- Installing: /home/moose/ros2_ws/install/kr210_description/share/kr210_description/meshes/kr210l150/collision/link_6.stl
[1.084s] -- Installing: /home/moose/ros2_ws/install/kr210_description/share/kr210_description/meshes/kr210l150/collision/link_5.stl
[1.084s] -- Installing: /home/moose/ros2_ws/install/kr210_description/share/kr210_description/meshes/kr210l150/collision/link_4.stl
[1.084s] -- Installing: /home/moose/ros2_ws/install/kr210_description/share/kr210_description/meshes/kr210l150/visual
[1.084s] -- Installing: /home/moose/ros2_ws/install/kr210_description/share/kr210_description/meshes/kr210l150/visual/link_5.dae
[1.088s] -- Installing: /home/moose/ros2_ws/install/kr210_description/share/kr210_description/meshes/kr210l150/visual/link_6.dae
[1.092s] -- Installing: /home/moose/ros2_ws/install/kr210_description/share/kr210_description/meshes/kr210l150/visual/base_link.dae
[1.093s] -- Installing: /home/moose/ros2_ws/install/kr210_description/share/kr210_description/meshes/kr210l150/visual/link_1.dae
[1.097s] -- Installing: /home/moose/ros2_ws/install/kr210_description/share/kr210_description/meshes/kr210l150/visual/link_3.dae
[1.101s] -- Installing: /home/moose/ros2_ws/install/kr210_description/share/kr210_description/meshes/kr210l150/visual/link_4.dae
[1.103s] -- Installing: /home/moose/ros2_ws/install/kr210_description/share/kr210_description/meshes/kr210l150/visual/link_2.dae
[1.114s] -- Installing: /home/moose/ros2_ws/install/kr210_description/share/ament_index/resource_index/package_run_dependencies/kr210_description
[1.115s] -- Installing: /home/moose/ros2_ws/install/kr210_description/share/ament_index/resource_index/parent_prefix_path/kr210_description
[1.116s] -- Installing: /home/moose/ros2_ws/install/kr210_description/share/kr210_description/environment/ament_prefix_path.sh
[1.116s] -- Installing: /home/moose/ros2_ws/install/kr210_description/share/kr210_description/environment/ament_prefix_path.dsv
[1.116s] -- Installing: /home/moose/ros2_ws/install/kr210_description/share/kr210_description/environment/path.sh
[1.116s] -- Installing: /home/moose/ros2_ws/install/kr210_description/share/kr210_description/environment/path.dsv
[1.116s] -- Installing: /home/moose/ros2_ws/install/kr210_description/share/kr210_description/local_setup.bash
[1.117s] -- Installing: /home/moose/ros2_ws/install/kr210_description/share/kr210_description/local_setup.sh
[1.117s] -- Installing: /home/moose/ros2_ws/install/kr210_description/share/kr210_description/local_setup.zsh
[1.117s] -- Installing: /home/moose/ros2_ws/install/kr210_description/share/kr210_description/local_setup.dsv
[1.117s] -- Installing: /home/moose/ros2_ws/install/kr210_description/share/kr210_description/package.dsv
[1.118s] -- Installing: /home/moose/ros2_ws/install/kr210_description/share/ament_index/resource_index/packages/kr210_description
[1.118s] -- Installing: /home/moose/ros2_ws/install/kr210_description/share/kr210_description/cmake/kr210_descriptionConfig.cmake
[1.118s] -- Installing: /home/moose/ros2_ws/install/kr210_description/share/kr210_description/cmake/kr210_descriptionConfig-version.cmake
[1.118s] -- Installing: /home/moose/ros2_ws/install/kr210_description/share/kr210_description/package.xml
[1.122s] Invoked command in '/home/moose/ros2_ws/build/kr210_description' returned '0': CMAKE_PREFIX_PATH=${CMAKE_PREFIX_PATH}:/opt/ros/humble /usr/bin/cmake --install /home/moose/ros2_ws/build/kr210_description
