[0.136s] DEBUG:colcon:Command line arguments: ['/usr/bin/colcon', 'build']
[0.136s] DEBUG:colcon:Parsed command line arguments: Namespace(log_base=None, log_level=None, verb_name='build', build_base='build', install_base='install', merge_install=False, symlink_install=False, test_result_base=None, continue_on_error=False, executor='parallel', parallel_workers=4, event_handlers=None, ignore_user_meta=False, metas=['./colcon.meta'], base_paths=['.'], packages_ignore=None, packages_ignore_regex=None, paths=None, packages_up_to=None, packages_up_to_regex=None, packages_above=None, packages_above_and_dependencies=None, packages_above_depth=None, packages_select_by_dep=None, packages_skip_by_dep=None, packages_skip_up_to=None, packages_select_build_failed=False, packages_skip_build_finished=False, packages_select_test_failures=False, packages_skip_test_passed=False, packages_select=None, packages_skip=None, packages_select_regex=None, packages_skip_regex=None, packages_start=None, packages_end=None, allow_overriding=[], cmake_args=None, cmake_target=None, cmake_target_skip_unavailable=False, cmake_clean_cache=False, cmake_clean_first=False, cmake_force_configure=False, ament_cmake_args=None, catkin_cmake_args=None, catkin_skip_building_tests=False, mixin_files=None, mixin=None, verb_parser=<colcon_mixin.mixin.mixin_argument.MixinArgumentDecorator object at 0x7a6b71bb3160>, verb_extension=<colcon_core.verb.build.BuildVerb object at 0x7a6b71dab3d0>, main=<bound method BuildVerb.main of <colcon_core.verb.build.BuildVerb object at 0x7a6b71dab3d0>>, mixin_verb=('build',))
[0.359s] Level 1:colcon.colcon_core.package_discovery:discover_packages(colcon_meta) check parameters
[0.360s] Level 1:colcon.colcon_core.package_discovery:discover_packages(recursive) check parameters
[0.360s] Level 1:colcon.colcon_core.package_discovery:discover_packages(ignore) check parameters
[0.360s] Level 1:colcon.colcon_core.package_discovery:discover_packages(path) check parameters
[0.360s] Level 1:colcon.colcon_core.package_discovery:discover_packages(colcon_meta) discover
[0.360s] Level 1:colcon.colcon_core.package_discovery:discover_packages(recursive) discover
[0.360s] INFO:colcon.colcon_core.package_discovery:Crawling recursively for packages in '/home/moose/ros2_ws'
[0.360s] Level 1:colcon.colcon_core.package_identification:_identify(.) by extensions ['ignore', 'ignore_ament_install']
[0.360s] Level 1:colcon.colcon_core.package_identification:_identify(.) by extension 'ignore'
[0.360s] Level 1:colcon.colcon_core.package_identification:_identify(.) by extension 'ignore_ament_install'
[0.360s] Level 1:colcon.colcon_core.package_identification:_identify(.) by extensions ['colcon_pkg']
[0.360s] Level 1:colcon.colcon_core.package_identification:_identify(.) by extension 'colcon_pkg'
[0.360s] Level 1:colcon.colcon_core.package_identification:_identify(.) by extensions ['colcon_meta']
[0.360s] Level 1:colcon.colcon_core.package_identification:_identify(.) by extension 'colcon_meta'
[0.360s] Level 1:colcon.colcon_core.package_identification:_identify(.) by extensions ['ros']
[0.360s] Level 1:colcon.colcon_core.package_identification:_identify(.) by extension 'ros'
[0.373s] Level 1:colcon.colcon_core.package_identification:_identify(.) by extensions ['cmake', 'python']
[0.373s] Level 1:colcon.colcon_core.package_identification:_identify(.) by extension 'cmake'
[0.373s] Level 1:colcon.colcon_core.package_identification:_identify(.) by extension 'python'
[0.373s] Level 1:colcon.colcon_core.package_identification:_identify(.) by extensions ['python_setup_py']
[0.373s] Level 1:colcon.colcon_core.package_identification:_identify(.) by extension 'python_setup_py'
[0.374s] Level 1:colcon.colcon_core.package_identification:_identify(build) by extensions ['ignore', 'ignore_ament_install']
[0.374s] Level 1:colcon.colcon_core.package_identification:_identify(build) by extension 'ignore'
[0.374s] Level 1:colcon.colcon_core.package_identification:_identify(build) ignored
[0.374s] Level 1:colcon.colcon_core.package_identification:_identify(install) by extensions ['ignore', 'ignore_ament_install']
[0.374s] Level 1:colcon.colcon_core.package_identification:_identify(install) by extension 'ignore'
[0.374s] Level 1:colcon.colcon_core.package_identification:_identify(install) ignored
[0.374s] Level 1:colcon.colcon_core.package_identification:_identify(log) by extensions ['ignore', 'ignore_ament_install']
[0.374s] Level 1:colcon.colcon_core.package_identification:_identify(log) by extension 'ignore'
[0.374s] Level 1:colcon.colcon_core.package_identification:_identify(log) ignored
[0.374s] Level 1:colcon.colcon_core.package_identification:_identify(src) by extensions ['ignore', 'ignore_ament_install']
[0.374s] Level 1:colcon.colcon_core.package_identification:_identify(src) by extension 'ignore'
[0.374s] Level 1:colcon.colcon_core.package_identification:_identify(src) by extension 'ignore_ament_install'
[0.375s] Level 1:colcon.colcon_core.package_identification:_identify(src) by extensions ['colcon_pkg']
[0.375s] Level 1:colcon.colcon_core.package_identification:_identify(src) by extension 'colcon_pkg'
[0.375s] Level 1:colcon.colcon_core.package_identification:_identify(src) by extensions ['colcon_meta']
[0.375s] Level 1:colcon.colcon_core.package_identification:_identify(src) by extension 'colcon_meta'
[0.375s] Level 1:colcon.colcon_core.package_identification:_identify(src) by extensions ['ros']
[0.375s] Level 1:colcon.colcon_core.package_identification:_identify(src) by extension 'ros'
[0.375s] Level 1:colcon.colcon_core.package_identification:_identify(src) by extensions ['cmake', 'python']
[0.375s] Level 1:colcon.colcon_core.package_identification:_identify(src) by extension 'cmake'
[0.375s] Level 1:colcon.colcon_core.package_identification:_identify(src) by extension 'python'
[0.375s] Level 1:colcon.colcon_core.package_identification:_identify(src) by extensions ['python_setup_py']
[0.375s] Level 1:colcon.colcon_core.package_identification:_identify(src) by extension 'python_setup_py'
[0.375s] Level 1:colcon.colcon_core.package_identification:_identify(src/kr210_bringup) by extensions ['ignore', 'ignore_ament_install']
[0.375s] Level 1:colcon.colcon_core.package_identification:_identify(src/kr210_bringup) by extension 'ignore'
[0.375s] Level 1:colcon.colcon_core.package_identification:_identify(src/kr210_bringup) by extension 'ignore_ament_install'
[0.375s] Level 1:colcon.colcon_core.package_identification:_identify(src/kr210_bringup) by extensions ['colcon_pkg']
[0.375s] Level 1:colcon.colcon_core.package_identification:_identify(src/kr210_bringup) by extension 'colcon_pkg'
[0.375s] Level 1:colcon.colcon_core.package_identification:_identify(src/kr210_bringup) by extensions ['colcon_meta']
[0.375s] Level 1:colcon.colcon_core.package_identification:_identify(src/kr210_bringup) by extension 'colcon_meta'
[0.376s] Level 1:colcon.colcon_core.package_identification:_identify(src/kr210_bringup) by extensions ['ros']
[0.376s] Level 1:colcon.colcon_core.package_identification:_identify(src/kr210_bringup) by extension 'ros'
[0.392s] DEBUG:colcon.colcon_core.package_identification:Package 'src/kr210_bringup' with type 'ros.ament_cmake' and name 'kr210_bringup'
[0.392s] Level 1:colcon.colcon_core.package_identification:_identify(src/kr210_description) by extensions ['ignore', 'ignore_ament_install']
[0.392s] Level 1:colcon.colcon_core.package_identification:_identify(src/kr210_description) by extension 'ignore'
[0.392s] Level 1:colcon.colcon_core.package_identification:_identify(src/kr210_description) by extension 'ignore_ament_install'
[0.392s] Level 1:colcon.colcon_core.package_identification:_identify(src/kr210_description) by extensions ['colcon_pkg']
[0.393s] Level 1:colcon.colcon_core.package_identification:_identify(src/kr210_description) by extension 'colcon_pkg'
[0.393s] Level 1:colcon.colcon_core.package_identification:_identify(src/kr210_description) by extensions ['colcon_meta']
[0.393s] Level 1:colcon.colcon_core.package_identification:_identify(src/kr210_description) by extension 'colcon_meta'
[0.393s] Level 1:colcon.colcon_core.package_identification:_identify(src/kr210_description) by extensions ['ros']
[0.393s] Level 1:colcon.colcon_core.package_identification:_identify(src/kr210_description) by extension 'ros'
[0.393s] DEBUG:colcon.colcon_core.package_identification:Package 'src/kr210_description' with type 'ros.ament_cmake' and name 'kr210_description'
[0.393s] Level 1:colcon.colcon_core.package_identification:_identify(src/log) by extensions ['ignore', 'ignore_ament_install']
[0.393s] Level 1:colcon.colcon_core.package_identification:_identify(src/log) by extension 'ignore'
[0.394s] Level 1:colcon.colcon_core.package_identification:_identify(src/log) ignored
[0.394s] Level 1:colcon.colcon_core.package_discovery:discover_packages(recursive) using defaults
[0.394s] Level 1:colcon.colcon_core.package_discovery:discover_packages(ignore) discover
[0.394s] Level 1:colcon.colcon_core.package_discovery:discover_packages(ignore) using defaults
[0.394s] Level 1:colcon.colcon_core.package_discovery:discover_packages(path) discover
[0.394s] Level 1:colcon.colcon_core.package_discovery:discover_packages(path) using defaults
[0.414s] Level 1:colcon.colcon_core.package_discovery:discover_packages(prefix_path) check parameters
[0.414s] Level 1:colcon.colcon_core.package_discovery:discover_packages(prefix_path) discover
[0.416s] DEBUG:colcon.colcon_installed_package_information.package_discovery:Found 2 installed packages in /home/moose/ros2_ws/install
[0.418s] DEBUG:colcon.colcon_installed_package_information.package_discovery:Found 422 installed packages in /opt/ros/humble
[0.420s] Level 1:colcon.colcon_core.package_discovery:discover_packages(prefix_path) using defaults
[0.486s] Level 5:colcon.colcon_core.verb:set package 'kr210_bringup' build argument 'cmake_args' from command line to 'None'
[0.486s] Level 5:colcon.colcon_core.verb:set package 'kr210_bringup' build argument 'cmake_target' from command line to 'None'
[0.486s] Level 5:colcon.colcon_core.verb:set package 'kr210_bringup' build argument 'cmake_target_skip_unavailable' from command line to 'False'
[0.486s] Level 5:colcon.colcon_core.verb:set package 'kr210_bringup' build argument 'cmake_clean_cache' from command line to 'False'
[0.486s] Level 5:colcon.colcon_core.verb:set package 'kr210_bringup' build argument 'cmake_clean_first' from command line to 'False'
[0.486s] Level 5:colcon.colcon_core.verb:set package 'kr210_bringup' build argument 'cmake_force_configure' from command line to 'False'
[0.486s] Level 5:colcon.colcon_core.verb:set package 'kr210_bringup' build argument 'ament_cmake_args' from command line to 'None'
[0.486s] Level 5:colcon.colcon_core.verb:set package 'kr210_bringup' build argument 'catkin_cmake_args' from command line to 'None'
[0.486s] Level 5:colcon.colcon_core.verb:set package 'kr210_bringup' build argument 'catkin_skip_building_tests' from command line to 'False'
[0.486s] DEBUG:colcon.colcon_core.verb:Building package 'kr210_bringup' with the following arguments: {'ament_cmake_args': None, 'build_base': '/home/moose/ros2_ws/build/kr210_bringup', 'catkin_cmake_args': None, 'catkin_skip_building_tests': False, 'cmake_args': None, 'cmake_clean_cache': False, 'cmake_clean_first': False, 'cmake_force_configure': False, 'cmake_target': None, 'cmake_target_skip_unavailable': False, 'install_base': '/home/moose/ros2_ws/install/kr210_bringup', 'merge_install': False, 'path': '/home/moose/ros2_ws/src/kr210_bringup', 'symlink_install': False, 'test_result_base': None}
[0.487s] Level 5:colcon.colcon_core.verb:set package 'kr210_description' build argument 'cmake_args' from command line to 'None'
[0.487s] Level 5:colcon.colcon_core.verb:set package 'kr210_description' build argument 'cmake_target' from command line to 'None'
[0.487s] Level 5:colcon.colcon_core.verb:set package 'kr210_description' build argument 'cmake_target_skip_unavailable' from command line to 'False'
[0.487s] Level 5:colcon.colcon_core.verb:set package 'kr210_description' build argument 'cmake_clean_cache' from command line to 'False'
[0.487s] Level 5:colcon.colcon_core.verb:set package 'kr210_description' build argument 'cmake_clean_first' from command line to 'False'
[0.487s] Level 5:colcon.colcon_core.verb:set package 'kr210_description' build argument 'cmake_force_configure' from command line to 'False'
[0.487s] Level 5:colcon.colcon_core.verb:set package 'kr210_description' build argument 'ament_cmake_args' from command line to 'None'
[0.487s] Level 5:colcon.colcon_core.verb:set package 'kr210_description' build argument 'catkin_cmake_args' from command line to 'None'
[0.487s] Level 5:colcon.colcon_core.verb:set package 'kr210_description' build argument 'catkin_skip_building_tests' from command line to 'False'
[0.487s] DEBUG:colcon.colcon_core.verb:Building package 'kr210_description' with the following arguments: {'ament_cmake_args': None, 'build_base': '/home/moose/ros2_ws/build/kr210_description', 'catkin_cmake_args': None, 'catkin_skip_building_tests': False, 'cmake_args': None, 'cmake_clean_cache': False, 'cmake_clean_first': False, 'cmake_force_configure': False, 'cmake_target': None, 'cmake_target_skip_unavailable': False, 'install_base': '/home/moose/ros2_ws/install/kr210_description', 'merge_install': False, 'path': '/home/moose/ros2_ws/src/kr210_description', 'symlink_install': False, 'test_result_base': None}
[0.487s] INFO:colcon.colcon_core.executor:Executing jobs using 'parallel' executor
[0.489s] DEBUG:colcon.colcon_parallel_executor.executor.parallel:run_until_complete
[0.489s] INFO:colcon.colcon_ros.task.ament_cmake.build:Building ROS package in '/home/moose/ros2_ws/src/kr210_bringup' with build type 'ament_cmake'
[0.489s] INFO:colcon.colcon_cmake.task.cmake.build:Building CMake package in '/home/moose/ros2_ws/src/kr210_bringup'
[0.492s] INFO:colcon.colcon_core.plugin_system:Skipping extension 'colcon_core.shell.bat': Not used on non-Windows systems
[0.492s] INFO:colcon.colcon_core.shell:Skip shell extension 'powershell' for command environment: Not usable outside of PowerShell
[0.492s] DEBUG:colcon.colcon_core.shell:Skip shell extension 'dsv' for command environment
[0.497s] INFO:colcon.colcon_ros.task.ament_cmake.build:Building ROS package in '/home/moose/ros2_ws/src/kr210_description' with build type 'ament_cmake'
[0.497s] INFO:colcon.colcon_cmake.task.cmake.build:Building CMake package in '/home/moose/ros2_ws/src/kr210_description'
[0.498s] INFO:colcon.colcon_core.shell:Skip shell extension 'powershell' for command environment: Not usable outside of PowerShell
[0.498s] DEBUG:colcon.colcon_core.shell:Skip shell extension 'dsv' for command environment
[0.510s] DEBUG:colcon.colcon_core.event_handler.log_command:Invoking command in '/home/moose/ros2_ws/build/kr210_bringup': CMAKE_PREFIX_PATH=${CMAKE_PREFIX_PATH}:/opt/ros/humble /usr/bin/cmake --build /home/moose/ros2_ws/build/kr210_bringup -- -j4 -l4
[0.514s] DEBUG:colcon.colcon_core.event_handler.log_command:Invoking command in '/home/moose/ros2_ws/build/kr210_description': CMAKE_PREFIX_PATH=${CMAKE_PREFIX_PATH}:/opt/ros/humble /usr/bin/cmake --build /home/moose/ros2_ws/build/kr210_description -- -j4 -l4
[0.555s] DEBUG:colcon.colcon_core.event_handler.log_command:Invoked command in '/home/moose/ros2_ws/build/kr210_bringup' returned '0': CMAKE_PREFIX_PATH=${CMAKE_PREFIX_PATH}:/opt/ros/humble /usr/bin/cmake --build /home/moose/ros2_ws/build/kr210_bringup -- -j4 -l4
[0.557s] DEBUG:colcon.colcon_core.event_handler.log_command:Invoked command in '/home/moose/ros2_ws/build/kr210_description' returned '0': CMAKE_PREFIX_PATH=${CMAKE_PREFIX_PATH}:/opt/ros/humble /usr/bin/cmake --build /home/moose/ros2_ws/build/kr210_description -- -j4 -l4
[0.589s] DEBUG:colcon.colcon_core.event_handler.log_command:Invoking command in '/home/moose/ros2_ws/build/kr210_bringup': CMAKE_PREFIX_PATH=${CMAKE_PREFIX_PATH}:/opt/ros/humble /usr/bin/cmake --install /home/moose/ros2_ws/build/kr210_bringup
[0.592s] DEBUG:colcon.colcon_core.event_handler.log_command:Invoking command in '/home/moose/ros2_ws/build/kr210_description': CMAKE_PREFIX_PATH=${CMAKE_PREFIX_PATH}:/opt/ros/humble /usr/bin/cmake --install /home/moose/ros2_ws/build/kr210_description
[0.601s] Level 1:colcon.colcon_core.environment:create_environment_scripts_only(kr210_bringup)
[0.607s] DEBUG:colcon.colcon_core.event_handler.log_command:Invoked command in '/home/moose/ros2_ws/build/kr210_bringup' returned '0': CMAKE_PREFIX_PATH=${CMAKE_PREFIX_PATH}:/opt/ros/humble /usr/bin/cmake --install /home/moose/ros2_ws/build/kr210_bringup
[0.611s] Level 1:colcon.colcon_core.environment:checking '/home/moose/ros2_ws/install/kr210_bringup' for CMake module files
[0.612s] Level 1:colcon.colcon_core.environment:checking '/home/moose/ros2_ws/install/kr210_bringup' for CMake config files
[0.614s] Level 1:colcon.colcon_core.shell:create_environment_hook('kr210_bringup', 'cmake_prefix_path')
[0.614s] INFO:colcon.colcon_core.shell:Creating environment hook '/home/moose/ros2_ws/install/kr210_bringup/share/kr210_bringup/hook/cmake_prefix_path.ps1'
[0.615s] INFO:colcon.colcon_core.shell:Creating environment descriptor '/home/moose/ros2_ws/install/kr210_bringup/share/kr210_bringup/hook/cmake_prefix_path.dsv'
[0.616s] INFO:colcon.colcon_core.shell:Creating environment hook '/home/moose/ros2_ws/install/kr210_bringup/share/kr210_bringup/hook/cmake_prefix_path.sh'
[0.617s] Level 1:colcon.colcon_core.environment:checking '/home/moose/ros2_ws/install/kr210_bringup/bin'
[0.617s] Level 1:colcon.colcon_core.environment:checking '/home/moose/ros2_ws/install/kr210_bringup/lib/pkgconfig/kr210_bringup.pc'
[0.618s] Level 1:colcon.colcon_core.environment:checking '/home/moose/ros2_ws/install/kr210_bringup/lib/python3.10/site-packages'
[0.619s] Level 1:colcon.colcon_core.environment:checking '/home/moose/ros2_ws/install/kr210_bringup/bin'
[0.619s] INFO:colcon.colcon_core.shell:Creating package script '/home/moose/ros2_ws/install/kr210_bringup/share/kr210_bringup/package.ps1'
[0.621s] INFO:colcon.colcon_core.shell:Creating package descriptor '/home/moose/ros2_ws/install/kr210_bringup/share/kr210_bringup/package.dsv'
[0.621s] INFO:colcon.colcon_core.shell:Creating package script '/home/moose/ros2_ws/install/kr210_bringup/share/kr210_bringup/package.sh'
[0.622s] INFO:colcon.colcon_core.shell:Creating package script '/home/moose/ros2_ws/install/kr210_bringup/share/kr210_bringup/package.bash'
[0.624s] INFO:colcon.colcon_core.shell:Creating package script '/home/moose/ros2_ws/install/kr210_bringup/share/kr210_bringup/package.zsh'
[0.624s] Level 1:colcon.colcon_core.environment:create_file_with_runtime_dependencies(/home/moose/ros2_ws/install/kr210_bringup/share/colcon-core/packages/kr210_bringup)
[0.626s] Level 1:colcon.colcon_core.environment:create_environment_scripts_only(kr210_description)
[0.627s] Level 1:colcon.colcon_core.environment:checking '/home/moose/ros2_ws/install/kr210_description' for CMake module files
[0.627s] DEBUG:colcon.colcon_core.event_handler.log_command:Invoked command in '/home/moose/ros2_ws/build/kr210_description' returned '0': CMAKE_PREFIX_PATH=${CMAKE_PREFIX_PATH}:/opt/ros/humble /usr/bin/cmake --install /home/moose/ros2_ws/build/kr210_description
[0.628s] Level 1:colcon.colcon_core.environment:checking '/home/moose/ros2_ws/install/kr210_description' for CMake config files
[0.628s] Level 1:colcon.colcon_core.shell:create_environment_hook('kr210_description', 'cmake_prefix_path')
[0.629s] INFO:colcon.colcon_core.shell:Creating environment hook '/home/moose/ros2_ws/install/kr210_description/share/kr210_description/hook/cmake_prefix_path.ps1'
[0.629s] INFO:colcon.colcon_core.shell:Creating environment descriptor '/home/moose/ros2_ws/install/kr210_description/share/kr210_description/hook/cmake_prefix_path.dsv'
[0.629s] INFO:colcon.colcon_core.shell:Creating environment hook '/home/moose/ros2_ws/install/kr210_description/share/kr210_description/hook/cmake_prefix_path.sh'
[0.630s] Level 1:colcon.colcon_core.environment:checking '/home/moose/ros2_ws/install/kr210_description/bin'
[0.630s] Level 1:colcon.colcon_core.environment:checking '/home/moose/ros2_ws/install/kr210_description/lib/pkgconfig/kr210_description.pc'
[0.631s] Level 1:colcon.colcon_core.environment:checking '/home/moose/ros2_ws/install/kr210_description/lib/python3.10/site-packages'
[0.631s] Level 1:colcon.colcon_core.environment:checking '/home/moose/ros2_ws/install/kr210_description/bin'
[0.631s] INFO:colcon.colcon_core.shell:Creating package script '/home/moose/ros2_ws/install/kr210_description/share/kr210_description/package.ps1'
[0.632s] INFO:colcon.colcon_core.shell:Creating package descriptor '/home/moose/ros2_ws/install/kr210_description/share/kr210_description/package.dsv'
[0.632s] INFO:colcon.colcon_core.shell:Creating package script '/home/moose/ros2_ws/install/kr210_description/share/kr210_description/package.sh'
[0.633s] INFO:colcon.colcon_core.shell:Creating package script '/home/moose/ros2_ws/install/kr210_description/share/kr210_description/package.bash'
[0.633s] INFO:colcon.colcon_core.shell:Creating package script '/home/moose/ros2_ws/install/kr210_description/share/kr210_description/package.zsh'
[0.634s] Level 1:colcon.colcon_core.environment:create_file_with_runtime_dependencies(/home/moose/ros2_ws/install/kr210_description/share/colcon-core/packages/kr210_description)
[0.650s] Level 1:colcon.colcon_core.environment:create_environment_scripts_only(kr210_bringup)
[0.650s] Level 1:colcon.colcon_core.environment:checking '/home/moose/ros2_ws/install/kr210_bringup' for CMake module files
[0.651s] Level 1:colcon.colcon_core.environment:checking '/home/moose/ros2_ws/install/kr210_bringup' for CMake config files
[0.651s] Level 1:colcon.colcon_core.shell:create_environment_hook('kr210_bringup', 'cmake_prefix_path')
[0.651s] INFO:colcon.colcon_core.shell:Creating environment hook '/home/moose/ros2_ws/install/kr210_bringup/share/kr210_bringup/hook/cmake_prefix_path.ps1'
[0.652s] INFO:colcon.colcon_core.shell:Creating environment descriptor '/home/moose/ros2_ws/install/kr210_bringup/share/kr210_bringup/hook/cmake_prefix_path.dsv'
[0.652s] INFO:colcon.colcon_core.shell:Creating environment hook '/home/moose/ros2_ws/install/kr210_bringup/share/kr210_bringup/hook/cmake_prefix_path.sh'
[0.653s] Level 1:colcon.colcon_core.environment:checking '/home/moose/ros2_ws/install/kr210_bringup/bin'
[0.653s] Level 1:colcon.colcon_core.environment:checking '/home/moose/ros2_ws/install/kr210_bringup/lib/pkgconfig/kr210_bringup.pc'
[0.653s] Level 1:colcon.colcon_core.environment:checking '/home/moose/ros2_ws/install/kr210_bringup/lib/python3.10/site-packages'
[0.654s] Level 1:colcon.colcon_core.environment:checking '/home/moose/ros2_ws/install/kr210_bringup/bin'
[0.654s] INFO:colcon.colcon_core.shell:Creating package script '/home/moose/ros2_ws/install/kr210_bringup/share/kr210_bringup/package.ps1'
[0.655s] INFO:colcon.colcon_core.shell:Creating package descriptor '/home/moose/ros2_ws/install/kr210_bringup/share/kr210_bringup/package.dsv'
[0.655s] INFO:colcon.colcon_core.shell:Creating package script '/home/moose/ros2_ws/install/kr210_bringup/share/kr210_bringup/package.sh'
[0.656s] INFO:colcon.colcon_core.shell:Creating package script '/home/moose/ros2_ws/install/kr210_bringup/share/kr210_bringup/package.bash'
[0.656s] INFO:colcon.colcon_core.shell:Creating package script '/home/moose/ros2_ws/install/kr210_bringup/share/kr210_bringup/package.zsh'
[0.657s] Level 1:colcon.colcon_core.environment:create_file_with_runtime_dependencies(/home/moose/ros2_ws/install/kr210_bringup/share/colcon-core/packages/kr210_bringup)
[0.659s] Level 1:colcon.colcon_core.environment:create_environment_scripts_only(kr210_description)
[0.659s] Level 1:colcon.colcon_core.environment:checking '/home/moose/ros2_ws/install/kr210_description' for CMake module files
[0.660s] Level 1:colcon.colcon_core.environment:checking '/home/moose/ros2_ws/install/kr210_description' for CMake config files
[0.660s] Level 1:colcon.colcon_core.shell:create_environment_hook('kr210_description', 'cmake_prefix_path')
[0.661s] INFO:colcon.colcon_core.shell:Creating environment hook '/home/moose/ros2_ws/install/kr210_description/share/kr210_description/hook/cmake_prefix_path.ps1'
[0.661s] INFO:colcon.colcon_core.shell:Creating environment descriptor '/home/moose/ros2_ws/install/kr210_description/share/kr210_description/hook/cmake_prefix_path.dsv'
[0.661s] INFO:colcon.colcon_core.shell:Creating environment hook '/home/moose/ros2_ws/install/kr210_description/share/kr210_description/hook/cmake_prefix_path.sh'
[0.662s] Level 1:colcon.colcon_core.environment:checking '/home/moose/ros2_ws/install/kr210_description/bin'
[0.662s] Level 1:colcon.colcon_core.environment:checking '/home/moose/ros2_ws/install/kr210_description/lib/pkgconfig/kr210_description.pc'
[0.662s] Level 1:colcon.colcon_core.environment:checking '/home/moose/ros2_ws/install/kr210_description/lib/python3.10/site-packages'
[0.663s] Level 1:colcon.colcon_core.environment:checking '/home/moose/ros2_ws/install/kr210_description/bin'
[0.663s] INFO:colcon.colcon_core.shell:Creating package script '/home/moose/ros2_ws/install/kr210_description/share/kr210_description/package.ps1'
[0.663s] INFO:colcon.colcon_core.shell:Creating package descriptor '/home/moose/ros2_ws/install/kr210_description/share/kr210_description/package.dsv'
[0.664s] INFO:colcon.colcon_core.shell:Creating package script '/home/moose/ros2_ws/install/kr210_description/share/kr210_description/package.sh'
[0.664s] INFO:colcon.colcon_core.shell:Creating package script '/home/moose/ros2_ws/install/kr210_description/share/kr210_description/package.bash'
[0.665s] INFO:colcon.colcon_core.shell:Creating package script '/home/moose/ros2_ws/install/kr210_description/share/kr210_description/package.zsh'
[0.665s] Level 1:colcon.colcon_core.environment:create_file_with_runtime_dependencies(/home/moose/ros2_ws/install/kr210_description/share/colcon-core/packages/kr210_description)
[0.665s] DEBUG:colcon.colcon_parallel_executor.executor.parallel:closing loop
[0.666s] DEBUG:colcon.colcon_parallel_executor.executor.parallel:loop closed
[0.666s] DEBUG:colcon.colcon_parallel_executor.executor.parallel:run_until_complete finished with '0'
[0.666s] DEBUG:colcon.colcon_core.event_reactor:joining thread
[0.673s] INFO:colcon.colcon_core.plugin_system:Skipping extension 'colcon_notification.desktop_notification.terminal_notifier': Not used on non-Darwin systems
[0.673s] INFO:colcon.colcon_core.plugin_system:Skipping extension 'colcon_notification.desktop_notification.win32': Not used on non-Windows systems
[0.673s] INFO:colcon.colcon_notification.desktop_notification:Sending desktop notification using 'notify2'
[0.688s] DEBUG:colcon.colcon_core.event_reactor:joined thread
[0.689s] INFO:colcon.colcon_core.shell:Creating prefix script '/home/moose/ros2_ws/install/local_setup.ps1'
[0.690s] INFO:colcon.colcon_core.shell:Creating prefix util module '/home/moose/ros2_ws/install/_local_setup_util_ps1.py'
[0.692s] INFO:colcon.colcon_core.shell:Creating prefix chain script '/home/moose/ros2_ws/install/setup.ps1'
[0.694s] INFO:colcon.colcon_core.shell:Creating prefix script '/home/moose/ros2_ws/install/local_setup.sh'
[0.695s] INFO:colcon.colcon_core.shell:Creating prefix util module '/home/moose/ros2_ws/install/_local_setup_util_sh.py'
[0.696s] INFO:colcon.colcon_core.shell:Creating prefix chain script '/home/moose/ros2_ws/install/setup.sh'
[0.698s] INFO:colcon.colcon_core.shell:Creating prefix script '/home/moose/ros2_ws/install/local_setup.bash'
[0.699s] INFO:colcon.colcon_core.shell:Creating prefix chain script '/home/moose/ros2_ws/install/setup.bash'
[0.700s] INFO:colcon.colcon_core.shell:Creating prefix script '/home/moose/ros2_ws/install/local_setup.zsh'
[0.701s] INFO:colcon.colcon_core.shell:Creating prefix chain script '/home/moose/ros2_ws/install/setup.zsh'
