[0.140s] DEBUG:colcon:Command line arguments: ['/usr/bin/colcon', 'build']
[0.140s] DEBUG:colcon:Parsed command line arguments: Namespace(log_base=None, log_level=None, verb_name='build', build_base='build', install_base='install', merge_install=False, symlink_install=False, test_result_base=None, continue_on_error=False, executor='parallel', parallel_workers=4, event_handlers=None, ignore_user_meta=False, metas=['./colcon.meta'], base_paths=['.'], packages_ignore=None, packages_ignore_regex=None, paths=None, packages_up_to=None, packages_up_to_regex=None, packages_above=None, packages_above_and_dependencies=None, packages_above_depth=None, packages_select_by_dep=None, packages_skip_by_dep=None, packages_skip_up_to=None, packages_select_build_failed=False, packages_skip_build_finished=False, packages_select_test_failures=False, packages_skip_test_passed=False, packages_select=None, packages_skip=None, packages_select_regex=None, packages_skip_regex=None, packages_start=None, packages_end=None, allow_overriding=[], cmake_args=None, cmake_target=None, cmake_target_skip_unavailable=False, cmake_clean_cache=False, cmake_clean_first=False, cmake_force_configure=False, ament_cmake_args=None, catkin_cmake_args=None, catkin_skip_building_tests=False, mixin_files=None, mixin=None, verb_parser=<colcon_mixin.mixin.mixin_argument.MixinArgumentDecorator object at 0x728d57c43160>, verb_extension=<colcon_core.verb.build.BuildVerb object at 0x728d57dbb3d0>, main=<bound method BuildVerb.main of <colcon_core.verb.build.BuildVerb object at 0x728d57dbb3d0>>, mixin_verb=('build',))
[0.366s] Level 1:colcon.colcon_core.package_discovery:discover_packages(colcon_meta) check parameters
[0.366s] Level 1:colcon.colcon_core.package_discovery:discover_packages(recursive) check parameters
[0.367s] Level 1:colcon.colcon_core.package_discovery:discover_packages(ignore) check parameters
[0.367s] Level 1:colcon.colcon_core.package_discovery:discover_packages(path) check parameters
[0.367s] Level 1:colcon.colcon_core.package_discovery:discover_packages(colcon_meta) discover
[0.367s] Level 1:colcon.colcon_core.package_discovery:discover_packages(recursive) discover
[0.367s] INFO:colcon.colcon_core.package_discovery:Crawling recursively for packages in '/home/moose/ros2_ws'
[0.367s] Level 1:colcon.colcon_core.package_identification:_identify(.) by extensions ['ignore', 'ignore_ament_install']
[0.367s] Level 1:colcon.colcon_core.package_identification:_identify(.) by extension 'ignore'
[0.367s] Level 1:colcon.colcon_core.package_identification:_identify(.) by extension 'ignore_ament_install'
[0.367s] Level 1:colcon.colcon_core.package_identification:_identify(.) by extensions ['colcon_pkg']
[0.367s] Level 1:colcon.colcon_core.package_identification:_identify(.) by extension 'colcon_pkg'
[0.367s] Level 1:colcon.colcon_core.package_identification:_identify(.) by extensions ['colcon_meta']
[0.367s] Level 1:colcon.colcon_core.package_identification:_identify(.) by extension 'colcon_meta'
[0.367s] Level 1:colcon.colcon_core.package_identification:_identify(.) by extensions ['ros']
[0.367s] Level 1:colcon.colcon_core.package_identification:_identify(.) by extension 'ros'
[0.380s] Level 1:colcon.colcon_core.package_identification:_identify(.) by extensions ['cmake', 'python']
[0.380s] Level 1:colcon.colcon_core.package_identification:_identify(.) by extension 'cmake'
[0.381s] Level 1:colcon.colcon_core.package_identification:_identify(.) by extension 'python'
[0.381s] Level 1:colcon.colcon_core.package_identification:_identify(.) by extensions ['python_setup_py']
[0.381s] Level 1:colcon.colcon_core.package_identification:_identify(.) by extension 'python_setup_py'
[0.381s] Level 1:colcon.colcon_core.package_identification:_identify(build) by extensions ['ignore', 'ignore_ament_install']
[0.381s] Level 1:colcon.colcon_core.package_identification:_identify(build) by extension 'ignore'
[0.381s] Level 1:colcon.colcon_core.package_identification:_identify(build) ignored
[0.381s] Level 1:colcon.colcon_core.package_identification:_identify(install) by extensions ['ignore', 'ignore_ament_install']
[0.381s] Level 1:colcon.colcon_core.package_identification:_identify(install) by extension 'ignore'
[0.381s] Level 1:colcon.colcon_core.package_identification:_identify(install) ignored
[0.381s] Level 1:colcon.colcon_core.package_identification:_identify(log) by extensions ['ignore', 'ignore_ament_install']
[0.381s] Level 1:colcon.colcon_core.package_identification:_identify(log) by extension 'ignore'
[0.381s] Level 1:colcon.colcon_core.package_identification:_identify(log) ignored
[0.382s] Level 1:colcon.colcon_core.package_identification:_identify(src) by extensions ['ignore', 'ignore_ament_install']
[0.382s] Level 1:colcon.colcon_core.package_identification:_identify(src) by extension 'ignore'
[0.382s] Level 1:colcon.colcon_core.package_identification:_identify(src) by extension 'ignore_ament_install'
[0.382s] Level 1:colcon.colcon_core.package_identification:_identify(src) by extensions ['colcon_pkg']
[0.382s] Level 1:colcon.colcon_core.package_identification:_identify(src) by extension 'colcon_pkg'
[0.382s] Level 1:colcon.colcon_core.package_identification:_identify(src) by extensions ['colcon_meta']
[0.382s] Level 1:colcon.colcon_core.package_identification:_identify(src) by extension 'colcon_meta'
[0.382s] Level 1:colcon.colcon_core.package_identification:_identify(src) by extensions ['ros']
[0.382s] Level 1:colcon.colcon_core.package_identification:_identify(src) by extension 'ros'
[0.382s] Level 1:colcon.colcon_core.package_identification:_identify(src) by extensions ['cmake', 'python']
[0.382s] Level 1:colcon.colcon_core.package_identification:_identify(src) by extension 'cmake'
[0.382s] Level 1:colcon.colcon_core.package_identification:_identify(src) by extension 'python'
[0.382s] Level 1:colcon.colcon_core.package_identification:_identify(src) by extensions ['python_setup_py']
[0.382s] Level 1:colcon.colcon_core.package_identification:_identify(src) by extension 'python_setup_py'
[0.382s] Level 1:colcon.colcon_core.package_identification:_identify(src/kr210_bringup) by extensions ['ignore', 'ignore_ament_install']
[0.382s] Level 1:colcon.colcon_core.package_identification:_identify(src/kr210_bringup) by extension 'ignore'
[0.382s] Level 1:colcon.colcon_core.package_identification:_identify(src/kr210_bringup) by extension 'ignore_ament_install'
[0.383s] Level 1:colcon.colcon_core.package_identification:_identify(src/kr210_bringup) by extensions ['colcon_pkg']
[0.383s] Level 1:colcon.colcon_core.package_identification:_identify(src/kr210_bringup) by extension 'colcon_pkg'
[0.383s] Level 1:colcon.colcon_core.package_identification:_identify(src/kr210_bringup) by extensions ['colcon_meta']
[0.383s] Level 1:colcon.colcon_core.package_identification:_identify(src/kr210_bringup) by extension 'colcon_meta'
[0.383s] Level 1:colcon.colcon_core.package_identification:_identify(src/kr210_bringup) by extensions ['ros']
[0.383s] Level 1:colcon.colcon_core.package_identification:_identify(src/kr210_bringup) by extension 'ros'
[0.399s] DEBUG:colcon.colcon_core.package_identification:Package 'src/kr210_bringup' with type 'ros.ament_cmake' and name 'kr210_bringup'
[0.399s] Level 1:colcon.colcon_core.package_identification:_identify(src/kr210_description) by extensions ['ignore', 'ignore_ament_install']
[0.399s] Level 1:colcon.colcon_core.package_identification:_identify(src/kr210_description) by extension 'ignore'
[0.400s] Level 1:colcon.colcon_core.package_identification:_identify(src/kr210_description) by extension 'ignore_ament_install'
[0.400s] Level 1:colcon.colcon_core.package_identification:_identify(src/kr210_description) by extensions ['colcon_pkg']
[0.400s] Level 1:colcon.colcon_core.package_identification:_identify(src/kr210_description) by extension 'colcon_pkg'
[0.400s] Level 1:colcon.colcon_core.package_identification:_identify(src/kr210_description) by extensions ['colcon_meta']
[0.400s] Level 1:colcon.colcon_core.package_identification:_identify(src/kr210_description) by extension 'colcon_meta'
[0.400s] Level 1:colcon.colcon_core.package_identification:_identify(src/kr210_description) by extensions ['ros']
[0.400s] Level 1:colcon.colcon_core.package_identification:_identify(src/kr210_description) by extension 'ros'
[0.400s] DEBUG:colcon.colcon_core.package_identification:Package 'src/kr210_description' with type 'ros.ament_cmake' and name 'kr210_description'
[0.400s] Level 1:colcon.colcon_core.package_identification:_identify(src/log) by extensions ['ignore', 'ignore_ament_install']
[0.401s] Level 1:colcon.colcon_core.package_identification:_identify(src/log) by extension 'ignore'
[0.401s] Level 1:colcon.colcon_core.package_identification:_identify(src/log) ignored
[0.401s] Level 1:colcon.colcon_core.package_discovery:discover_packages(recursive) using defaults
[0.401s] Level 1:colcon.colcon_core.package_discovery:discover_packages(ignore) discover
[0.401s] Level 1:colcon.colcon_core.package_discovery:discover_packages(ignore) using defaults
[0.401s] Level 1:colcon.colcon_core.package_discovery:discover_packages(path) discover
[0.401s] Level 1:colcon.colcon_core.package_discovery:discover_packages(path) using defaults
[0.421s] Level 1:colcon.colcon_core.package_discovery:discover_packages(prefix_path) check parameters
[0.421s] Level 1:colcon.colcon_core.package_discovery:discover_packages(prefix_path) discover
[0.422s] WARNING:colcon.colcon_ros.prefix_path.ament:The path '/home/moose/ros2_ws/install/kr210_description' in the environment variable AMENT_PREFIX_PATH doesn't exist
[0.422s] WARNING:colcon.colcon_ros.prefix_path.ament:The path '/home/moose/ros2_ws/install/kr210_bringup' in the environment variable AMENT_PREFIX_PATH doesn't exist
[0.422s] WARNING:colcon.colcon_ros.prefix_path.catkin:The path '/home/moose/ros2_ws/install/kr210_description' in the environment variable CMAKE_PREFIX_PATH doesn't exist
[0.422s] WARNING:colcon.colcon_ros.prefix_path.catkin:The path '/home/moose/ros2_ws/install/kr210_bringup' in the environment variable CMAKE_PREFIX_PATH doesn't exist
[0.423s] DEBUG:colcon.colcon_installed_package_information.package_discovery:Found 0 installed packages in /home/moose/ros2_ws/install
[0.425s] DEBUG:colcon.colcon_installed_package_information.package_discovery:Found 422 installed packages in /opt/ros/humble
[0.427s] Level 1:colcon.colcon_core.package_discovery:discover_packages(prefix_path) using defaults
[0.490s] Level 5:colcon.colcon_core.verb:set package 'kr210_bringup' build argument 'cmake_args' from command line to 'None'
[0.490s] Level 5:colcon.colcon_core.verb:set package 'kr210_bringup' build argument 'cmake_target' from command line to 'None'
[0.490s] Level 5:colcon.colcon_core.verb:set package 'kr210_bringup' build argument 'cmake_target_skip_unavailable' from command line to 'False'
[0.490s] Level 5:colcon.colcon_core.verb:set package 'kr210_bringup' build argument 'cmake_clean_cache' from command line to 'False'
[0.490s] Level 5:colcon.colcon_core.verb:set package 'kr210_bringup' build argument 'cmake_clean_first' from command line to 'False'
[0.490s] Level 5:colcon.colcon_core.verb:set package 'kr210_bringup' build argument 'cmake_force_configure' from command line to 'False'
[0.490s] Level 5:colcon.colcon_core.verb:set package 'kr210_bringup' build argument 'ament_cmake_args' from command line to 'None'
[0.490s] Level 5:colcon.colcon_core.verb:set package 'kr210_bringup' build argument 'catkin_cmake_args' from command line to 'None'
[0.490s] Level 5:colcon.colcon_core.verb:set package 'kr210_bringup' build argument 'catkin_skip_building_tests' from command line to 'False'
[0.490s] DEBUG:colcon.colcon_core.verb:Building package 'kr210_bringup' with the following arguments: {'ament_cmake_args': None, 'build_base': '/home/moose/ros2_ws/build/kr210_bringup', 'catkin_cmake_args': None, 'catkin_skip_building_tests': False, 'cmake_args': None, 'cmake_clean_cache': False, 'cmake_clean_first': False, 'cmake_force_configure': False, 'cmake_target': None, 'cmake_target_skip_unavailable': False, 'install_base': '/home/moose/ros2_ws/install/kr210_bringup', 'merge_install': False, 'path': '/home/moose/ros2_ws/src/kr210_bringup', 'symlink_install': False, 'test_result_base': None}
[0.491s] Level 5:colcon.colcon_core.verb:set package 'kr210_description' build argument 'cmake_args' from command line to 'None'
[0.491s] Level 5:colcon.colcon_core.verb:set package 'kr210_description' build argument 'cmake_target' from command line to 'None'
[0.491s] Level 5:colcon.colcon_core.verb:set package 'kr210_description' build argument 'cmake_target_skip_unavailable' from command line to 'False'
[0.491s] Level 5:colcon.colcon_core.verb:set package 'kr210_description' build argument 'cmake_clean_cache' from command line to 'False'
[0.491s] Level 5:colcon.colcon_core.verb:set package 'kr210_description' build argument 'cmake_clean_first' from command line to 'False'
[0.491s] Level 5:colcon.colcon_core.verb:set package 'kr210_description' build argument 'cmake_force_configure' from command line to 'False'
[0.491s] Level 5:colcon.colcon_core.verb:set package 'kr210_description' build argument 'ament_cmake_args' from command line to 'None'
[0.491s] Level 5:colcon.colcon_core.verb:set package 'kr210_description' build argument 'catkin_cmake_args' from command line to 'None'
[0.491s] Level 5:colcon.colcon_core.verb:set package 'kr210_description' build argument 'catkin_skip_building_tests' from command line to 'False'
[0.491s] DEBUG:colcon.colcon_core.verb:Building package 'kr210_description' with the following arguments: {'ament_cmake_args': None, 'build_base': '/home/moose/ros2_ws/build/kr210_description', 'catkin_cmake_args': None, 'catkin_skip_building_tests': False, 'cmake_args': None, 'cmake_clean_cache': False, 'cmake_clean_first': False, 'cmake_force_configure': False, 'cmake_target': None, 'cmake_target_skip_unavailable': False, 'install_base': '/home/moose/ros2_ws/install/kr210_description', 'merge_install': False, 'path': '/home/moose/ros2_ws/src/kr210_description', 'symlink_install': False, 'test_result_base': None}
[0.491s] INFO:colcon.colcon_core.executor:Executing jobs using 'parallel' executor
[0.493s] DEBUG:colcon.colcon_parallel_executor.executor.parallel:run_until_complete
[0.493s] INFO:colcon.colcon_ros.task.ament_cmake.build:Building ROS package in '/home/moose/ros2_ws/src/kr210_bringup' with build type 'ament_cmake'
[0.493s] INFO:colcon.colcon_cmake.task.cmake.build:Building CMake package in '/home/moose/ros2_ws/src/kr210_bringup'
[0.495s] INFO:colcon.colcon_core.plugin_system:Skipping extension 'colcon_core.shell.bat': Not used on non-Windows systems
[0.496s] INFO:colcon.colcon_core.shell:Skip shell extension 'powershell' for command environment: Not usable outside of PowerShell
[0.496s] DEBUG:colcon.colcon_core.shell:Skip shell extension 'dsv' for command environment
[0.500s] INFO:colcon.colcon_ros.task.ament_cmake.build:Building ROS package in '/home/moose/ros2_ws/src/kr210_description' with build type 'ament_cmake'
[0.500s] INFO:colcon.colcon_cmake.task.cmake.build:Building CMake package in '/home/moose/ros2_ws/src/kr210_description'
[0.500s] INFO:colcon.colcon_core.shell:Skip shell extension 'powershell' for command environment: Not usable outside of PowerShell
[0.500s] DEBUG:colcon.colcon_core.shell:Skip shell extension 'dsv' for command environment
[0.508s] DEBUG:colcon.colcon_core.event_handler.log_command:Invoking command in '/home/moose/ros2_ws/build/kr210_bringup': CMAKE_PREFIX_PATH=${CMAKE_PREFIX_PATH}:/opt/ros/humble /usr/bin/cmake /home/moose/ros2_ws/src/kr210_bringup -DCMAKE_INSTALL_PREFIX=/home/moose/ros2_ws/install/kr210_bringup
[0.514s] DEBUG:colcon.colcon_core.event_handler.log_command:Invoking command in '/home/moose/ros2_ws/build/kr210_description': CMAKE_PREFIX_PATH=${CMAKE_PREFIX_PATH}:/opt/ros/humble /usr/bin/cmake /home/moose/ros2_ws/src/kr210_description -DCMAKE_INSTALL_PREFIX=/home/moose/ros2_ws/install/kr210_description
[1.482s] DEBUG:colcon.colcon_core.event_handler.log_command:Invoked command in '/home/moose/ros2_ws/build/kr210_bringup' returned '0': CMAKE_PREFIX_PATH=${CMAKE_PREFIX_PATH}:/opt/ros/humble /usr/bin/cmake /home/moose/ros2_ws/src/kr210_bringup -DCMAKE_INSTALL_PREFIX=/home/moose/ros2_ws/install/kr210_bringup
[1.484s] DEBUG:colcon.colcon_core.event_handler.log_command:Invoking command in '/home/moose/ros2_ws/build/kr210_bringup': CMAKE_PREFIX_PATH=${CMAKE_PREFIX_PATH}:/opt/ros/humble /usr/bin/cmake --build /home/moose/ros2_ws/build/kr210_bringup -- -j4 -l4
[1.486s] DEBUG:colcon.colcon_core.event_handler.log_command:Invoked command in '/home/moose/ros2_ws/build/kr210_description' returned '0': CMAKE_PREFIX_PATH=${CMAKE_PREFIX_PATH}:/opt/ros/humble /usr/bin/cmake /home/moose/ros2_ws/src/kr210_description -DCMAKE_INSTALL_PREFIX=/home/moose/ros2_ws/install/kr210_description
[1.488s] DEBUG:colcon.colcon_core.event_handler.log_command:Invoking command in '/home/moose/ros2_ws/build/kr210_description': CMAKE_PREFIX_PATH=${CMAKE_PREFIX_PATH}:/opt/ros/humble /usr/bin/cmake --build /home/moose/ros2_ws/build/kr210_description -- -j4 -l4
[1.529s] DEBUG:colcon.colcon_core.event_handler.log_command:Invoked command in '/home/moose/ros2_ws/build/kr210_bringup' returned '0': CMAKE_PREFIX_PATH=${CMAKE_PREFIX_PATH}:/opt/ros/humble /usr/bin/cmake --build /home/moose/ros2_ws/build/kr210_bringup -- -j4 -l4
[1.531s] DEBUG:colcon.colcon_core.event_handler.log_command:Invoked command in '/home/moose/ros2_ws/build/kr210_description' returned '0': CMAKE_PREFIX_PATH=${CMAKE_PREFIX_PATH}:/opt/ros/humble /usr/bin/cmake --build /home/moose/ros2_ws/build/kr210_description -- -j4 -l4
[1.565s] DEBUG:colcon.colcon_core.event_handler.log_command:Invoking command in '/home/moose/ros2_ws/build/kr210_bringup': CMAKE_PREFIX_PATH=${CMAKE_PREFIX_PATH}:/opt/ros/humble /usr/bin/cmake --install /home/moose/ros2_ws/build/kr210_bringup
[1.568s] DEBUG:colcon.colcon_core.event_handler.log_command:Invoking command in '/home/moose/ros2_ws/build/kr210_description': CMAKE_PREFIX_PATH=${CMAKE_PREFIX_PATH}:/opt/ros/humble /usr/bin/cmake --install /home/moose/ros2_ws/build/kr210_description
[1.581s] Level 1:colcon.colcon_core.environment:create_environment_scripts_only(kr210_bringup)
[1.583s] DEBUG:colcon.colcon_core.event_handler.log_command:Invoked command in '/home/moose/ros2_ws/build/kr210_bringup' returned '0': CMAKE_PREFIX_PATH=${CMAKE_PREFIX_PATH}:/opt/ros/humble /usr/bin/cmake --install /home/moose/ros2_ws/build/kr210_bringup
[1.586s] Level 1:colcon.colcon_core.environment:checking '/home/moose/ros2_ws/install/kr210_bringup' for CMake module files
[1.587s] Level 1:colcon.colcon_core.environment:checking '/home/moose/ros2_ws/install/kr210_bringup' for CMake config files
[1.587s] Level 1:colcon.colcon_core.shell:create_environment_hook('kr210_bringup', 'cmake_prefix_path')
[1.587s] INFO:colcon.colcon_core.shell:Creating environment hook '/home/moose/ros2_ws/install/kr210_bringup/share/kr210_bringup/hook/cmake_prefix_path.ps1'
[1.588s] INFO:colcon.colcon_core.shell:Creating environment descriptor '/home/moose/ros2_ws/install/kr210_bringup/share/kr210_bringup/hook/cmake_prefix_path.dsv'
[1.589s] INFO:colcon.colcon_core.shell:Creating environment hook '/home/moose/ros2_ws/install/kr210_bringup/share/kr210_bringup/hook/cmake_prefix_path.sh'
[1.590s] Level 1:colcon.colcon_core.environment:checking '/home/moose/ros2_ws/install/kr210_bringup/bin'
[1.590s] Level 1:colcon.colcon_core.environment:checking '/home/moose/ros2_ws/install/kr210_bringup/lib/pkgconfig/kr210_bringup.pc'
[1.590s] Level 1:colcon.colcon_core.environment:checking '/home/moose/ros2_ws/install/kr210_bringup/lib/python3.10/site-packages'
[1.591s] Level 1:colcon.colcon_core.environment:checking '/home/moose/ros2_ws/install/kr210_bringup/bin'
[1.591s] INFO:colcon.colcon_core.shell:Creating package script '/home/moose/ros2_ws/install/kr210_bringup/share/kr210_bringup/package.ps1'
[1.592s] INFO:colcon.colcon_core.shell:Creating package descriptor '/home/moose/ros2_ws/install/kr210_bringup/share/kr210_bringup/package.dsv'
[1.593s] INFO:colcon.colcon_core.shell:Creating package script '/home/moose/ros2_ws/install/kr210_bringup/share/kr210_bringup/package.sh'
[1.594s] INFO:colcon.colcon_core.shell:Creating package script '/home/moose/ros2_ws/install/kr210_bringup/share/kr210_bringup/package.bash'
[1.596s] INFO:colcon.colcon_core.shell:Creating package script '/home/moose/ros2_ws/install/kr210_bringup/share/kr210_bringup/package.zsh'
[1.597s] Level 1:colcon.colcon_core.environment:create_file_with_runtime_dependencies(/home/moose/ros2_ws/install/kr210_bringup/share/colcon-core/packages/kr210_bringup)
[1.620s] Level 1:colcon.colcon_core.environment:create_environment_scripts_only(kr210_description)
[1.620s] Level 1:colcon.colcon_core.environment:checking '/home/moose/ros2_ws/install/kr210_description' for CMake module files
[1.623s] DEBUG:colcon.colcon_core.event_handler.log_command:Invoked command in '/home/moose/ros2_ws/build/kr210_description' returned '0': CMAKE_PREFIX_PATH=${CMAKE_PREFIX_PATH}:/opt/ros/humble /usr/bin/cmake --install /home/moose/ros2_ws/build/kr210_description
[1.623s] Level 1:colcon.colcon_core.environment:checking '/home/moose/ros2_ws/install/kr210_description' for CMake config files
[1.624s] Level 1:colcon.colcon_core.shell:create_environment_hook('kr210_description', 'cmake_prefix_path')
[1.624s] INFO:colcon.colcon_core.shell:Creating environment hook '/home/moose/ros2_ws/install/kr210_description/share/kr210_description/hook/cmake_prefix_path.ps1'
[1.625s] INFO:colcon.colcon_core.shell:Creating environment descriptor '/home/moose/ros2_ws/install/kr210_description/share/kr210_description/hook/cmake_prefix_path.dsv'
[1.625s] INFO:colcon.colcon_core.shell:Creating environment hook '/home/moose/ros2_ws/install/kr210_description/share/kr210_description/hook/cmake_prefix_path.sh'
[1.625s] Level 1:colcon.colcon_core.environment:checking '/home/moose/ros2_ws/install/kr210_description/bin'
[1.625s] Level 1:colcon.colcon_core.environment:checking '/home/moose/ros2_ws/install/kr210_description/lib/pkgconfig/kr210_description.pc'
[1.626s] Level 1:colcon.colcon_core.environment:checking '/home/moose/ros2_ws/install/kr210_description/lib/python3.10/site-packages'
[1.626s] Level 1:colcon.colcon_core.environment:checking '/home/moose/ros2_ws/install/kr210_description/bin'
[1.626s] INFO:colcon.colcon_core.shell:Creating package script '/home/moose/ros2_ws/install/kr210_description/share/kr210_description/package.ps1'
[1.627s] INFO:colcon.colcon_core.shell:Creating package descriptor '/home/moose/ros2_ws/install/kr210_description/share/kr210_description/package.dsv'
[1.627s] INFO:colcon.colcon_core.shell:Creating package script '/home/moose/ros2_ws/install/kr210_description/share/kr210_description/package.sh'
[1.627s] INFO:colcon.colcon_core.shell:Creating package script '/home/moose/ros2_ws/install/kr210_description/share/kr210_description/package.bash'
[1.628s] INFO:colcon.colcon_core.shell:Creating package script '/home/moose/ros2_ws/install/kr210_description/share/kr210_description/package.zsh'
[1.628s] Level 1:colcon.colcon_core.environment:create_file_with_runtime_dependencies(/home/moose/ros2_ws/install/kr210_description/share/colcon-core/packages/kr210_description)
[1.630s] Level 1:colcon.colcon_core.environment:create_environment_scripts_only(kr210_bringup)
[1.630s] Level 1:colcon.colcon_core.environment:checking '/home/moose/ros2_ws/install/kr210_bringup' for CMake module files
[1.631s] Level 1:colcon.colcon_core.environment:checking '/home/moose/ros2_ws/install/kr210_bringup' for CMake config files
[1.631s] Level 1:colcon.colcon_core.shell:create_environment_hook('kr210_bringup', 'cmake_prefix_path')
[1.631s] INFO:colcon.colcon_core.shell:Creating environment hook '/home/moose/ros2_ws/install/kr210_bringup/share/kr210_bringup/hook/cmake_prefix_path.ps1'
[1.632s] INFO:colcon.colcon_core.shell:Creating environment descriptor '/home/moose/ros2_ws/install/kr210_bringup/share/kr210_bringup/hook/cmake_prefix_path.dsv'
[1.632s] INFO:colcon.colcon_core.shell:Creating environment hook '/home/moose/ros2_ws/install/kr210_bringup/share/kr210_bringup/hook/cmake_prefix_path.sh'
[1.633s] Level 1:colcon.colcon_core.environment:checking '/home/moose/ros2_ws/install/kr210_bringup/bin'
[1.633s] Level 1:colcon.colcon_core.environment:checking '/home/moose/ros2_ws/install/kr210_bringup/lib/pkgconfig/kr210_bringup.pc'
[1.634s] Level 1:colcon.colcon_core.environment:checking '/home/moose/ros2_ws/install/kr210_bringup/lib/python3.10/site-packages'
[1.634s] Level 1:colcon.colcon_core.environment:checking '/home/moose/ros2_ws/install/kr210_bringup/bin'
[1.634s] INFO:colcon.colcon_core.shell:Creating package script '/home/moose/ros2_ws/install/kr210_bringup/share/kr210_bringup/package.ps1'
[1.635s] INFO:colcon.colcon_core.shell:Creating package descriptor '/home/moose/ros2_ws/install/kr210_bringup/share/kr210_bringup/package.dsv'
[1.636s] INFO:colcon.colcon_core.shell:Creating package script '/home/moose/ros2_ws/install/kr210_bringup/share/kr210_bringup/package.sh'
[1.636s] INFO:colcon.colcon_core.shell:Creating package script '/home/moose/ros2_ws/install/kr210_bringup/share/kr210_bringup/package.bash'
[1.637s] INFO:colcon.colcon_core.shell:Creating package script '/home/moose/ros2_ws/install/kr210_bringup/share/kr210_bringup/package.zsh'
[1.637s] Level 1:colcon.colcon_core.environment:create_file_with_runtime_dependencies(/home/moose/ros2_ws/install/kr210_bringup/share/colcon-core/packages/kr210_bringup)
[1.652s] Level 1:colcon.colcon_core.environment:create_environment_scripts_only(kr210_description)
[1.653s] Level 1:colcon.colcon_core.environment:checking '/home/moose/ros2_ws/install/kr210_description' for CMake module files
[1.653s] Level 1:colcon.colcon_core.environment:checking '/home/moose/ros2_ws/install/kr210_description' for CMake config files
[1.654s] Level 1:colcon.colcon_core.shell:create_environment_hook('kr210_description', 'cmake_prefix_path')
[1.654s] INFO:colcon.colcon_core.shell:Creating environment hook '/home/moose/ros2_ws/install/kr210_description/share/kr210_description/hook/cmake_prefix_path.ps1'
[1.655s] INFO:colcon.colcon_core.shell:Creating environment descriptor '/home/moose/ros2_ws/install/kr210_description/share/kr210_description/hook/cmake_prefix_path.dsv'
[1.655s] INFO:colcon.colcon_core.shell:Creating environment hook '/home/moose/ros2_ws/install/kr210_description/share/kr210_description/hook/cmake_prefix_path.sh'
[1.656s] Level 1:colcon.colcon_core.environment:checking '/home/moose/ros2_ws/install/kr210_description/bin'
[1.656s] Level 1:colcon.colcon_core.environment:checking '/home/moose/ros2_ws/install/kr210_description/lib/pkgconfig/kr210_description.pc'
[1.656s] Level 1:colcon.colcon_core.environment:checking '/home/moose/ros2_ws/install/kr210_description/lib/python3.10/site-packages'
[1.656s] Level 1:colcon.colcon_core.environment:checking '/home/moose/ros2_ws/install/kr210_description/bin'
[1.657s] INFO:colcon.colcon_core.shell:Creating package script '/home/moose/ros2_ws/install/kr210_description/share/kr210_description/package.ps1'
[1.657s] INFO:colcon.colcon_core.shell:Creating package descriptor '/home/moose/ros2_ws/install/kr210_description/share/kr210_description/package.dsv'
[1.658s] INFO:colcon.colcon_core.shell:Creating package script '/home/moose/ros2_ws/install/kr210_description/share/kr210_description/package.sh'
[1.658s] INFO:colcon.colcon_core.shell:Creating package script '/home/moose/ros2_ws/install/kr210_description/share/kr210_description/package.bash'
[1.659s] INFO:colcon.colcon_core.shell:Creating package script '/home/moose/ros2_ws/install/kr210_description/share/kr210_description/package.zsh'
[1.659s] Level 1:colcon.colcon_core.environment:create_file_with_runtime_dependencies(/home/moose/ros2_ws/install/kr210_description/share/colcon-core/packages/kr210_description)
[1.659s] DEBUG:colcon.colcon_parallel_executor.executor.parallel:closing loop
[1.660s] DEBUG:colcon.colcon_parallel_executor.executor.parallel:loop closed
[1.660s] DEBUG:colcon.colcon_parallel_executor.executor.parallel:run_until_complete finished with '0'
[1.660s] DEBUG:colcon.colcon_core.event_reactor:joining thread
[1.666s] INFO:colcon.colcon_core.plugin_system:Skipping extension 'colcon_notification.desktop_notification.terminal_notifier': Not used on non-Darwin systems
[1.666s] INFO:colcon.colcon_core.plugin_system:Skipping extension 'colcon_notification.desktop_notification.win32': Not used on non-Windows systems
[1.666s] INFO:colcon.colcon_notification.desktop_notification:Sending desktop notification using 'notify2'
[1.680s] DEBUG:colcon.colcon_core.event_reactor:joined thread
[1.681s] INFO:colcon.colcon_core.shell:Creating prefix script '/home/moose/ros2_ws/install/local_setup.ps1'
[1.682s] INFO:colcon.colcon_core.shell:Creating prefix util module '/home/moose/ros2_ws/install/_local_setup_util_ps1.py'
[1.684s] INFO:colcon.colcon_core.shell:Creating prefix chain script '/home/moose/ros2_ws/install/setup.ps1'
[1.686s] INFO:colcon.colcon_core.shell:Creating prefix script '/home/moose/ros2_ws/install/local_setup.sh'
[1.687s] INFO:colcon.colcon_core.shell:Creating prefix util module '/home/moose/ros2_ws/install/_local_setup_util_sh.py'
[1.687s] INFO:colcon.colcon_core.shell:Creating prefix chain script '/home/moose/ros2_ws/install/setup.sh'
[1.689s] INFO:colcon.colcon_core.shell:Creating prefix script '/home/moose/ros2_ws/install/local_setup.bash'
[1.689s] INFO:colcon.colcon_core.shell:Creating prefix chain script '/home/moose/ros2_ws/install/setup.bash'
[1.690s] INFO:colcon.colcon_core.shell:Creating prefix script '/home/moose/ros2_ws/install/local_setup.zsh'
[1.691s] INFO:colcon.colcon_core.shell:Creating prefix chain script '/home/moose/ros2_ws/install/setup.zsh'
