-- Install configuration: ""
-- Up-to-date: /home/moose/ros2_ws/install/kr210_description/share/kr210_description/urdf
-- Up-to-date: /home/moose/ros2_ws/install/kr210_description/share/kr210_description/urdf/kr210_arm_gazebo.urdf.xacro
-- Installing: /home/moose/ros2_ws/install/kr210_description/share/kr210_description/urdf/kr210_arm.urdf.xacro
-- Up-to-date: /home/moose/ros2_ws/install/kr210_description/share/kr210_description/urdf/kr210.urdf.xacro
-- Up-to-date: /home/moose/ros2_ws/install/kr210_description/share/kr210_description/meshes
-- Up-to-date: /home/moose/ros2_ws/install/kr210_description/share/kr210_description/meshes/base_link.stl
-- Up-to-date: /home/moose/ros2_ws/install/kr210_description/share/kr210_description/meshes/gripper
-- Up-to-date: /home/moose/ros2_ws/install/kr210_description/share/kr210_description/meshes/gripper/gripper_base.dae
-- Up-to-date: /home/moose/ros2_ws/install/kr210_description/share/kr210_description/meshes/gripper/finger_right_collision.dae
-- Up-to-date: /home/moose/ros2_ws/install/kr210_description/share/kr210_description/meshes/gripper/finger_left.dae
-- Up-to-date: /home/moose/ros2_ws/install/kr210_description/share/kr210_description/meshes/gripper/finger_left_collision.dae
-- Up-to-date: /home/moose/ros2_ws/install/kr210_description/share/kr210_description/meshes/gripper/finger_right.dae
-- Up-to-date: /home/moose/ros2_ws/install/kr210_description/share/kr210_description/meshes/kr210l150
-- Up-to-date: /home/moose/ros2_ws/install/kr210_description/share/kr210_description/meshes/kr210l150/README.md
-- Up-to-date: /home/moose/ros2_ws/install/kr210_description/share/kr210_description/meshes/kr210l150/collision
-- Up-to-date: /home/moose/ros2_ws/install/kr210_description/share/kr210_description/meshes/kr210l150/collision/link_2.stl
-- Up-to-date: /home/moose/ros2_ws/install/kr210_description/share/kr210_description/meshes/kr210l150/collision/base_link.stl
-- Up-to-date: /home/moose/ros2_ws/install/kr210_description/share/kr210_description/meshes/kr210l150/collision/link_3.stl
-- Up-to-date: /home/moose/ros2_ws/install/kr210_description/share/kr210_description/meshes/kr210l150/collision/link_1.stl
-- Up-to-date: /home/moose/ros2_ws/install/kr210_description/share/kr210_description/meshes/kr210l150/collision/link_6.stl
-- Up-to-date: /home/moose/ros2_ws/install/kr210_description/share/kr210_description/meshes/kr210l150/collision/link_5.stl
-- Up-to-date: /home/moose/ros2_ws/install/kr210_description/share/kr210_description/meshes/kr210l150/collision/link_4.stl
-- Up-to-date: /home/moose/ros2_ws/install/kr210_description/share/kr210_description/meshes/kr210l150/visual
-- Up-to-date: /home/moose/ros2_ws/install/kr210_description/share/kr210_description/meshes/kr210l150/visual/link_5.dae
-- Up-to-date: /home/moose/ros2_ws/install/kr210_description/share/kr210_description/meshes/kr210l150/visual/link_6.dae
-- Up-to-date: /home/moose/ros2_ws/install/kr210_description/share/kr210_description/meshes/kr210l150/visual/base_link.dae
-- Up-to-date: /home/moose/ros2_ws/install/kr210_description/share/kr210_description/meshes/kr210l150/visual/link_1.dae
-- Up-to-date: /home/moose/ros2_ws/install/kr210_description/share/kr210_description/meshes/kr210l150/visual/link_3.dae
-- Up-to-date: /home/moose/ros2_ws/install/kr210_description/share/kr210_description/meshes/kr210l150/visual/link_4.dae
-- Up-to-date: /home/moose/ros2_ws/install/kr210_description/share/kr210_description/meshes/kr210l150/visual/link_2.dae
-- Up-to-date: /home/moose/ros2_ws/install/kr210_description/share/ament_index/resource_index/package_run_dependencies/kr210_description
-- Up-to-date: /home/moose/ros2_ws/install/kr210_description/share/ament_index/resource_index/parent_prefix_path/kr210_description
-- Up-to-date: /home/moose/ros2_ws/install/kr210_description/share/kr210_description/environment/ament_prefix_path.sh
-- Up-to-date: /home/moose/ros2_ws/install/kr210_description/share/kr210_description/environment/ament_prefix_path.dsv
-- Up-to-date: /home/moose/ros2_ws/install/kr210_description/share/kr210_description/environment/path.sh
-- Up-to-date: /home/moose/ros2_ws/install/kr210_description/share/kr210_description/environment/path.dsv
-- Up-to-date: /home/moose/ros2_ws/install/kr210_description/share/kr210_description/local_setup.bash
-- Up-to-date: /home/moose/ros2_ws/install/kr210_description/share/kr210_description/local_setup.sh
-- Up-to-date: /home/moose/ros2_ws/install/kr210_description/share/kr210_description/local_setup.zsh
-- Up-to-date: /home/moose/ros2_ws/install/kr210_description/share/kr210_description/local_setup.dsv
-- Up-to-date: /home/moose/ros2_ws/install/kr210_description/share/kr210_description/package.dsv
-- Up-to-date: /home/moose/ros2_ws/install/kr210_description/share/ament_index/resource_index/packages/kr210_description
-- Up-to-date: /home/moose/ros2_ws/install/kr210_description/share/kr210_description/cmake/kr210_descriptionConfig.cmake
-- Up-to-date: /home/moose/ros2_ws/install/kr210_description/share/kr210_description/cmake/kr210_descriptionConfig-version.cmake
-- Up-to-date: /home/moose/ros2_ws/install/kr210_description/share/kr210_description/package.xml
