[0.017s] Invoking command in '/home/moose/ros2_ws/build/kr210_bringup': CMAKE_PREFIX_PATH=${CMAKE_PREFIX_PATH}:/opt/ros/humble /usr/bin/cmake --build /home/moose/ros2_ws/build/kr210_bringup -- -j4 -l4
[0.067s] Invoked command in '/home/moose/ros2_ws/build/kr210_bringup' returned '0': CMAKE_PREFIX_PATH=${CMAKE_PREFIX_PATH}:/opt/ros/humble /usr/bin/cmake --build /home/moose/ros2_ws/build/kr210_bringup -- -j4 -l4
[0.101s] Invoking command in '/home/moose/ros2_ws/build/kr210_bringup': CMAKE_PREFIX_PATH=${CMAKE_PREFIX_PATH}:/opt/ros/humble /usr/bin/cmake --install /home/moose/ros2_ws/build/kr210_bringup
[0.110s] -- Install configuration: ""
[0.110s] -- Up-to-date: /home/moose/ros2_ws/install/kr210_bringup/share/kr210_bringup/launch
[0.111s] -- Up-to-date: /home/moose/ros2_ws/install/kr210_bringup/share/kr210_bringup/launch/kr210_rviz.launch.xml
[0.111s] -- Up-to-date: /home/moose/ros2_ws/install/kr210_bringup/share/kr210_bringup/launch/kr210_gazebo.launch.xml
[0.111s] -- Up-to-date: /home/moose/ros2_ws/install/kr210_bringup/share/ament_index/resource_index/package_run_dependencies/kr210_bringup
[0.111s] -- Up-to-date: /home/moose/ros2_ws/install/kr210_bringup/share/ament_index/resource_index/parent_prefix_path/kr210_bringup
[0.111s] -- Up-to-date: /home/moose/ros2_ws/install/kr210_bringup/share/kr210_bringup/environment/ament_prefix_path.sh
[0.112s] -- Up-to-date: /home/moose/ros2_ws/install/kr210_bringup/share/kr210_bringup/environment/ament_prefix_path.dsv
[0.113s] -- Up-to-date: /home/moose/ros2_ws/install/kr210_bringup/share/kr210_bringup/environment/path.sh
[0.113s] -- Up-to-date: /home/moose/ros2_ws/install/kr210_bringup/share/kr210_bringup/environment/path.dsv
[0.113s] -- Up-to-date: /home/moose/ros2_ws/install/kr210_bringup/share/kr210_bringup/local_setup.bash
[0.114s] -- Up-to-date: /home/moose/ros2_ws/install/kr210_bringup/share/kr210_bringup/local_setup.sh
[0.115s] -- Up-to-date: /home/moose/ros2_ws/install/kr210_bringup/share/kr210_bringup/local_setup.zsh
[0.116s] -- Up-to-date: /home/moose/ros2_ws/install/kr210_bringup/share/kr210_bringup/local_setup.dsv
[0.117s] -- Installing: /home/moose/ros2_ws/install/kr210_bringup/share/kr210_bringup/package.dsv
[0.118s] -- Up-to-date: /home/moose/ros2_ws/install/kr210_bringup/share/ament_index/resource_index/packages/kr210_bringup
[0.118s] -- Up-to-date: /home/moose/ros2_ws/install/kr210_bringup/share/kr210_bringup/cmake/kr210_bringupConfig.cmake
[0.118s] -- Up-to-date: /home/moose/ros2_ws/install/kr210_bringup/share/kr210_bringup/cmake/kr210_bringupConfig-version.cmake
[0.118s] -- Up-to-date: /home/moose/ros2_ws/install/kr210_bringup/share/kr210_bringup/package.xml
[0.119s] Invoked command in '/home/moose/ros2_ws/build/kr210_bringup' returned '0': CMAKE_PREFIX_PATH=${CMAKE_PREFIX_PATH}:/opt/ros/humble /usr/bin/cmake --install /home/moose/ros2_ws/build/kr210_bringup
