[0.527s] DEBUG:colcon:Command line arguments: ['/usr/bin/colcon', 'list', '-p', '--base-paths', '/home/moose/ros2_ws/src']
[0.527s] DEBUG:colcon:Parsed command line arguments: Namespace(log_base=None, log_level=None, verb_name='list', build_base='build', ignore_user_meta=False, metas=['./colcon.meta'], base_paths=['/home/moose/ros2_ws/src'], packages_ignore=None, packages_ignore_regex=None, paths=None, packages_up_to=None, packages_up_to_regex=None, packages_above=None, packages_above_and_dependencies=None, packages_above_depth=None, packages_select_by_dep=None, packages_skip_by_dep=None, packages_skip_up_to=None, packages_select_build_failed=False, packages_skip_build_finished=False, packages_select_test_failures=False, packages_skip_test_passed=False, packages_select=None, packages_skip=None, packages_select_regex=None, packages_skip_regex=None, packages_start=None, packages_end=None, allow_overriding=[], topological_order=False, names_only=False, paths_only=True, topological_graph=False, topological_graph_dot=False, topological_graph_density=False, topological_graph_legend=False, topological_graph_dot_cluster=False, topological_graph_dot_include_skipped=False, mixin_files=None, mixin=None, verb_parser=<colcon_mixin.mixin.mixin_argument.MixinArgumentDecorator object at 0x7ef8a67ebfa0>, verb_extension=<colcon_package_information.verb.list.ListVerb object at 0x7ef8a69dcf40>, main=<bound method ListVerb.main of <colcon_package_information.verb.list.ListVerb object at 0x7ef8a69dcf40>>, mixin_verb=('list',))
[1.385s] Level 1:colcon.colcon_core.package_discovery:discover_packages(colcon_meta) check parameters
[1.385s] Level 1:colcon.colcon_core.package_discovery:discover_packages(recursive) check parameters
[1.385s] Level 1:colcon.colcon_core.package_discovery:discover_packages(ignore) check parameters
[1.385s] Level 1:colcon.colcon_core.package_discovery:discover_packages(path) check parameters
[1.385s] Level 1:colcon.colcon_core.package_discovery:discover_packages(recursive) discover
[1.385s] INFO:colcon.colcon_core.package_discovery:Crawling recursively for packages in '/home/moose/ros2_ws/src'
[1.385s] Level 1:colcon.colcon_core.package_identification:_identify(/home/moose/ros2_ws/src) by extensions ['ignore', 'ignore_ament_install']
[1.385s] Level 1:colcon.colcon_core.package_identification:_identify(/home/moose/ros2_ws/src) by extension 'ignore'
[1.386s] Level 1:colcon.colcon_core.package_identification:_identify(/home/moose/ros2_ws/src) by extension 'ignore_ament_install'
[1.386s] Level 1:colcon.colcon_core.package_identification:_identify(/home/moose/ros2_ws/src) by extensions ['colcon_pkg']
[1.386s] Level 1:colcon.colcon_core.package_identification:_identify(/home/moose/ros2_ws/src) by extension 'colcon_pkg'
[1.386s] Level 1:colcon.colcon_core.package_identification:_identify(/home/moose/ros2_ws/src) by extensions ['colcon_meta']
[1.386s] Level 1:colcon.colcon_core.package_identification:_identify(/home/moose/ros2_ws/src) by extension 'colcon_meta'
[1.386s] Level 1:colcon.colcon_core.package_identification:_identify(/home/moose/ros2_ws/src) by extensions ['ros']
[1.386s] Level 1:colcon.colcon_core.package_identification:_identify(/home/moose/ros2_ws/src) by extension 'ros'
[1.419s] Level 1:colcon.colcon_core.package_identification:_identify(/home/moose/ros2_ws/src) by extensions ['cmake', 'python']
[1.419s] Level 1:colcon.colcon_core.package_identification:_identify(/home/moose/ros2_ws/src) by extension 'cmake'
[1.419s] Level 1:colcon.colcon_core.package_identification:_identify(/home/moose/ros2_ws/src) by extension 'python'
[1.419s] Level 1:colcon.colcon_core.package_identification:_identify(/home/moose/ros2_ws/src) by extensions ['python_setup_py']
[1.419s] Level 1:colcon.colcon_core.package_identification:_identify(/home/moose/ros2_ws/src) by extension 'python_setup_py'
[1.420s] Level 1:colcon.colcon_core.package_identification:_identify(/home/moose/ros2_ws/src/kr210_description) by extensions ['ignore', 'ignore_ament_install']
[1.420s] Level 1:colcon.colcon_core.package_identification:_identify(/home/moose/ros2_ws/src/kr210_description) by extension 'ignore'
[1.420s] Level 1:colcon.colcon_core.package_identification:_identify(/home/moose/ros2_ws/src/kr210_description) by extension 'ignore_ament_install'
[1.421s] Level 1:colcon.colcon_core.package_identification:_identify(/home/moose/ros2_ws/src/kr210_description) by extensions ['colcon_pkg']
[1.421s] Level 1:colcon.colcon_core.package_identification:_identify(/home/moose/ros2_ws/src/kr210_description) by extension 'colcon_pkg'
[1.421s] Level 1:colcon.colcon_core.package_identification:_identify(/home/moose/ros2_ws/src/kr210_description) by extensions ['colcon_meta']
[1.421s] Level 1:colcon.colcon_core.package_identification:_identify(/home/moose/ros2_ws/src/kr210_description) by extension 'colcon_meta'
[1.421s] Level 1:colcon.colcon_core.package_identification:_identify(/home/moose/ros2_ws/src/kr210_description) by extensions ['ros']
[1.421s] Level 1:colcon.colcon_core.package_identification:_identify(/home/moose/ros2_ws/src/kr210_description) by extension 'ros'
[1.434s] DEBUG:colcon.colcon_core.package_identification:Package '/home/moose/ros2_ws/src/kr210_description' with type 'ros.ament_cmake' and name 'kr210_description'
[1.435s] Level 1:colcon.colcon_core.package_identification:_identify(/home/moose/ros2_ws/src/log) by extensions ['ignore', 'ignore_ament_install']
[1.435s] Level 1:colcon.colcon_core.package_identification:_identify(/home/moose/ros2_ws/src/log) by extension 'ignore'
[1.436s] Level 1:colcon.colcon_core.package_identification:_identify(/home/moose/ros2_ws/src/log) ignored
[1.436s] Level 1:colcon.colcon_core.package_discovery:discover_packages(recursive) using defaults
