[0.016s] Invoking command in '/home/moose/ros2_ws/build/kr210_bringup': CMAKE_PREFIX_PATH=/opt/ros/humble /usr/bin/cmake /home/moose/ros2_ws/src/kr210_bringup -DCMAKE_INSTALL_PREFIX=/home/moose/ros2_ws/install/kr210_bringup
[0.202s] -- The C compiler identification is GNU 11.4.0
[0.347s] -- The CXX compiler identification is GNU 11.4.0
[0.361s] -- Detecting C compiler ABI info
[0.447s] -- Detecting C compiler ABI info - done
[0.455s] -- Check for working C compiler: /usr/bin/cc - skipped
[0.456s] -- Detecting C compile features
[0.456s] -- Detecting C compile features - done
[0.461s] -- Detecting CXX compiler ABI info
[0.554s] -- Detecting CXX compiler ABI info - done
[0.564s] -- Check for working CXX compiler: /usr/bin/c++ - skipped
[0.564s] -- Detecting CXX compile features
[0.565s] -- Detecting CXX compile features - done
[0.570s] -- Found ament_cmake: 1.3.8 (/opt/ros/humble/share/ament_cmake/cmake)
[0.753s] -- Found Python3: /usr/bin/python3 (found version "3.10.12") found components: Interpreter 
[0.959s] -- Configuring done
[0.962s] -- Generating done
[0.962s] -- Build files have been written to: /home/moose/ros2_ws/build/kr210_bringup
[0.968s] Invoked command in '/home/moose/ros2_ws/build/kr210_bringup' returned '0': CMAKE_PREFIX_PATH=/opt/ros/humble /usr/bin/cmake /home/moose/ros2_ws/src/kr210_bringup -DCMAKE_INSTALL_PREFIX=/home/moose/ros2_ws/install/kr210_bringup
[0.969s] Invoking command in '/home/moose/ros2_ws/build/kr210_bringup': CMAKE_PREFIX_PATH=/opt/ros/humble /usr/bin/cmake --build /home/moose/ros2_ws/build/kr210_bringup -- -j4 -l4
[1.010s] Invoked command in '/home/moose/ros2_ws/build/kr210_bringup' returned '0': CMAKE_PREFIX_PATH=/opt/ros/humble /usr/bin/cmake --build /home/moose/ros2_ws/build/kr210_bringup -- -j4 -l4
[1.037s] Invoking command in '/home/moose/ros2_ws/build/kr210_bringup': CMAKE_PREFIX_PATH=/opt/ros/humble /usr/bin/cmake --install /home/moose/ros2_ws/build/kr210_bringup
[1.045s] -- Install configuration: ""
[1.046s] -- Installing: /home/moose/ros2_ws/install/kr210_bringup/share/kr210_bringup/launch
[1.047s] -- Installing: /home/moose/ros2_ws/install/kr210_bringup/share/kr210_bringup/launch/kr210_rviz.launch.xml
[1.048s] -- Installing: /home/moose/ros2_ws/install/kr210_bringup/share/ament_index/resource_index/package_run_dependencies/kr210_bringup
[1.048s] -- Installing: /home/moose/ros2_ws/install/kr210_bringup/share/ament_index/resource_index/parent_prefix_path/kr210_bringup
[1.048s] -- Installing: /home/moose/ros2_ws/install/kr210_bringup/share/kr210_bringup/environment/ament_prefix_path.sh
[1.048s] -- Installing: /home/moose/ros2_ws/install/kr210_bringup/share/kr210_bringup/environment/ament_prefix_path.dsv
[1.049s] -- Installing: /home/moose/ros2_ws/install/kr210_bringup/share/kr210_bringup/environment/path.sh
[1.049s] -- Installing: /home/moose/ros2_ws/install/kr210_bringup/share/kr210_bringup/environment/path.dsv
[1.049s] -- Installing: /home/moose/ros2_ws/install/kr210_bringup/share/kr210_bringup/local_setup.bash
[1.049s] -- Installing: /home/moose/ros2_ws/install/kr210_bringup/share/kr210_bringup/local_setup.sh
[1.049s] -- Installing: /home/moose/ros2_ws/install/kr210_bringup/share/kr210_bringup/local_setup.zsh
[1.050s] -- Installing: /home/moose/ros2_ws/install/kr210_bringup/share/kr210_bringup/local_setup.dsv
[1.050s] -- Installing: /home/moose/ros2_ws/install/kr210_bringup/share/kr210_bringup/package.dsv
[1.050s] -- Installing: /home/moose/ros2_ws/install/kr210_bringup/share/ament_index/resource_index/packages/kr210_bringup
[1.050s] -- Installing: /home/moose/ros2_ws/install/kr210_bringup/share/kr210_bringup/cmake/kr210_bringupConfig.cmake
[1.051s] -- Installing: /home/moose/ros2_ws/install/kr210_bringup/share/kr210_bringup/cmake/kr210_bringupConfig-version.cmake
[1.051s] -- Installing: /home/moose/ros2_ws/install/kr210_bringup/share/kr210_bringup/package.xml
[1.053s] Invoked command in '/home/moose/ros2_ws/build/kr210_bringup' returned '0': CMAKE_PREFIX_PATH=/opt/ros/humble /usr/bin/cmake --install /home/moose/ros2_ws/build/kr210_bringup
