[0.144s] DEBUG:colcon:Command line arguments: ['/usr/bin/colcon', 'build']
[0.145s] DEBUG:colcon:Parsed command line arguments: Namespace(log_base=None, log_level=None, verb_name='build', build_base='build', install_base='install', merge_install=False, symlink_install=False, test_result_base=None, continue_on_error=False, executor='parallel', parallel_workers=4, event_handlers=None, ignore_user_meta=False, metas=['./colcon.meta'], base_paths=['.'], packages_ignore=None, packages_ignore_regex=None, paths=None, packages_up_to=None, packages_up_to_regex=None, packages_above=None, packages_above_and_dependencies=None, packages_above_depth=None, packages_select_by_dep=None, packages_skip_by_dep=None, packages_skip_up_to=None, packages_select_build_failed=False, packages_skip_build_finished=False, packages_select_test_failures=False, packages_skip_test_passed=False, packages_select=None, packages_skip=None, packages_select_regex=None, packages_skip_regex=None, packages_start=None, packages_end=None, allow_overriding=[], cmake_args=None, cmake_target=None, cmake_target_skip_unavailable=False, cmake_clean_cache=False, cmake_clean_first=False, cmake_force_configure=False, ament_cmake_args=None, catkin_cmake_args=None, catkin_skip_building_tests=False, mixin_files=None, mixin=None, verb_parser=<colcon_mixin.mixin.mixin_argument.MixinArgumentDecorator object at 0x7608e3847160>, verb_extension=<colcon_core.verb.build.BuildVerb object at 0x7608e39bf3d0>, main=<bound method BuildVerb.main of <colcon_core.verb.build.BuildVerb object at 0x7608e39bf3d0>>, mixin_verb=('build',))
[0.427s] Level 1:colcon.colcon_core.package_discovery:discover_packages(colcon_meta) check parameters
[0.427s] Level 1:colcon.colcon_core.package_discovery:discover_packages(recursive) check parameters
[0.427s] Level 1:colcon.colcon_core.package_discovery:discover_packages(ignore) check parameters
[0.427s] Level 1:colcon.colcon_core.package_discovery:discover_packages(path) check parameters
[0.427s] Level 1:colcon.colcon_core.package_discovery:discover_packages(colcon_meta) discover
[0.428s] Level 1:colcon.colcon_core.package_discovery:discover_packages(recursive) discover
[0.428s] INFO:colcon.colcon_core.package_discovery:Crawling recursively for packages in '/home/moose/ros2_ws'
[0.428s] Level 1:colcon.colcon_core.package_identification:_identify(.) by extensions ['ignore', 'ignore_ament_install']
[0.428s] Level 1:colcon.colcon_core.package_identification:_identify(.) by extension 'ignore'
[0.428s] Level 1:colcon.colcon_core.package_identification:_identify(.) by extension 'ignore_ament_install'
[0.428s] Level 1:colcon.colcon_core.package_identification:_identify(.) by extensions ['colcon_pkg']
[0.428s] Level 1:colcon.colcon_core.package_identification:_identify(.) by extension 'colcon_pkg'
[0.428s] Level 1:colcon.colcon_core.package_identification:_identify(.) by extensions ['colcon_meta']
[0.428s] Level 1:colcon.colcon_core.package_identification:_identify(.) by extension 'colcon_meta'
[0.428s] Level 1:colcon.colcon_core.package_identification:_identify(.) by extensions ['ros']
[0.428s] Level 1:colcon.colcon_core.package_identification:_identify(.) by extension 'ros'
[0.447s] Level 1:colcon.colcon_core.package_identification:_identify(.) by extensions ['cmake', 'python']
[0.447s] Level 1:colcon.colcon_core.package_identification:_identify(.) by extension 'cmake'
[0.447s] Level 1:colcon.colcon_core.package_identification:_identify(.) by extension 'python'
[0.447s] Level 1:colcon.colcon_core.package_identification:_identify(.) by extensions ['python_setup_py']
[0.447s] Level 1:colcon.colcon_core.package_identification:_identify(.) by extension 'python_setup_py'
[0.447s] Level 1:colcon.colcon_core.package_identification:_identify(build) by extensions ['ignore', 'ignore_ament_install']
[0.447s] Level 1:colcon.colcon_core.package_identification:_identify(build) by extension 'ignore'
[0.447s] Level 1:colcon.colcon_core.package_identification:_identify(build) ignored
[0.447s] Level 1:colcon.colcon_core.package_identification:_identify(install) by extensions ['ignore', 'ignore_ament_install']
[0.447s] Level 1:colcon.colcon_core.package_identification:_identify(install) by extension 'ignore'
[0.448s] Level 1:colcon.colcon_core.package_identification:_identify(install) ignored
[0.448s] Level 1:colcon.colcon_core.package_identification:_identify(log) by extensions ['ignore', 'ignore_ament_install']
[0.448s] Level 1:colcon.colcon_core.package_identification:_identify(log) by extension 'ignore'
[0.448s] Level 1:colcon.colcon_core.package_identification:_identify(log) ignored
[0.448s] Level 1:colcon.colcon_core.package_identification:_identify(src) by extensions ['ignore', 'ignore_ament_install']
[0.448s] Level 1:colcon.colcon_core.package_identification:_identify(src) by extension 'ignore'
[0.448s] Level 1:colcon.colcon_core.package_identification:_identify(src) by extension 'ignore_ament_install'
[0.449s] Level 1:colcon.colcon_core.package_identification:_identify(src) by extensions ['colcon_pkg']
[0.449s] Level 1:colcon.colcon_core.package_identification:_identify(src) by extension 'colcon_pkg'
[0.449s] Level 1:colcon.colcon_core.package_identification:_identify(src) by extensions ['colcon_meta']
[0.449s] Level 1:colcon.colcon_core.package_identification:_identify(src) by extension 'colcon_meta'
[0.449s] Level 1:colcon.colcon_core.package_identification:_identify(src) by extensions ['ros']
[0.449s] Level 1:colcon.colcon_core.package_identification:_identify(src) by extension 'ros'
[0.449s] Level 1:colcon.colcon_core.package_identification:_identify(src) by extensions ['cmake', 'python']
[0.449s] Level 1:colcon.colcon_core.package_identification:_identify(src) by extension 'cmake'
[0.449s] Level 1:colcon.colcon_core.package_identification:_identify(src) by extension 'python'
[0.449s] Level 1:colcon.colcon_core.package_identification:_identify(src) by extensions ['python_setup_py']
[0.450s] Level 1:colcon.colcon_core.package_identification:_identify(src) by extension 'python_setup_py'
[0.450s] Level 1:colcon.colcon_core.package_identification:_identify(src/kr210_bringup) by extensions ['ignore', 'ignore_ament_install']
[0.450s] Level 1:colcon.colcon_core.package_identification:_identify(src/kr210_bringup) by extension 'ignore'
[0.450s] Level 1:colcon.colcon_core.package_identification:_identify(src/kr210_bringup) by extension 'ignore_ament_install'
[0.450s] Level 1:colcon.colcon_core.package_identification:_identify(src/kr210_bringup) by extensions ['colcon_pkg']
[0.450s] Level 1:colcon.colcon_core.package_identification:_identify(src/kr210_bringup) by extension 'colcon_pkg'
[0.450s] Level 1:colcon.colcon_core.package_identification:_identify(src/kr210_bringup) by extensions ['colcon_meta']
[0.451s] Level 1:colcon.colcon_core.package_identification:_identify(src/kr210_bringup) by extension 'colcon_meta'
[0.451s] Level 1:colcon.colcon_core.package_identification:_identify(src/kr210_bringup) by extensions ['ros']
[0.451s] Level 1:colcon.colcon_core.package_identification:_identify(src/kr210_bringup) by extension 'ros'
[0.470s] DEBUG:colcon.colcon_core.package_identification:Package 'src/kr210_bringup' with type 'ros.ament_cmake' and name 'kr210_bringup'
[0.470s] Level 1:colcon.colcon_core.package_identification:_identify(src/kr210_description) by extensions ['ignore', 'ignore_ament_install']
[0.471s] Level 1:colcon.colcon_core.package_identification:_identify(src/kr210_description) by extension 'ignore'
[0.471s] Level 1:colcon.colcon_core.package_identification:_identify(src/kr210_description) by extension 'ignore_ament_install'
[0.471s] Level 1:colcon.colcon_core.package_identification:_identify(src/kr210_description) by extensions ['colcon_pkg']
[0.471s] Level 1:colcon.colcon_core.package_identification:_identify(src/kr210_description) by extension 'colcon_pkg'
[0.471s] Level 1:colcon.colcon_core.package_identification:_identify(src/kr210_description) by extensions ['colcon_meta']
[0.471s] Level 1:colcon.colcon_core.package_identification:_identify(src/kr210_description) by extension 'colcon_meta'
[0.471s] Level 1:colcon.colcon_core.package_identification:_identify(src/kr210_description) by extensions ['ros']
[0.471s] Level 1:colcon.colcon_core.package_identification:_identify(src/kr210_description) by extension 'ros'
[0.472s] DEBUG:colcon.colcon_core.package_identification:Package 'src/kr210_description' with type 'ros.ament_cmake' and name 'kr210_description'
[0.472s] Level 1:colcon.colcon_core.package_identification:_identify(src/log) by extensions ['ignore', 'ignore_ament_install']
[0.472s] Level 1:colcon.colcon_core.package_identification:_identify(src/log) by extension 'ignore'
[0.472s] Level 1:colcon.colcon_core.package_identification:_identify(src/log) ignored
[0.472s] Level 1:colcon.colcon_core.package_discovery:discover_packages(recursive) using defaults
[0.472s] Level 1:colcon.colcon_core.package_discovery:discover_packages(ignore) discover
[0.472s] Level 1:colcon.colcon_core.package_discovery:discover_packages(ignore) using defaults
[0.472s] Level 1:colcon.colcon_core.package_discovery:discover_packages(path) discover
[0.472s] Level 1:colcon.colcon_core.package_discovery:discover_packages(path) using defaults
[0.497s] Level 1:colcon.colcon_core.package_discovery:discover_packages(prefix_path) check parameters
[0.497s] Level 1:colcon.colcon_core.package_discovery:discover_packages(prefix_path) discover
[0.499s] DEBUG:colcon.colcon_installed_package_information.package_discovery:Found 2 installed packages in /home/moose/ros2_ws/install
[0.501s] DEBUG:colcon.colcon_installed_package_information.package_discovery:Found 422 installed packages in /opt/ros/humble
[0.504s] Level 1:colcon.colcon_core.package_discovery:discover_packages(prefix_path) using defaults
[0.582s] Level 5:colcon.colcon_core.verb:set package 'kr210_bringup' build argument 'cmake_args' from command line to 'None'
[0.582s] Level 5:colcon.colcon_core.verb:set package 'kr210_bringup' build argument 'cmake_target' from command line to 'None'
[0.582s] Level 5:colcon.colcon_core.verb:set package 'kr210_bringup' build argument 'cmake_target_skip_unavailable' from command line to 'False'
[0.582s] Level 5:colcon.colcon_core.verb:set package 'kr210_bringup' build argument 'cmake_clean_cache' from command line to 'False'
[0.582s] Level 5:colcon.colcon_core.verb:set package 'kr210_bringup' build argument 'cmake_clean_first' from command line to 'False'
[0.582s] Level 5:colcon.colcon_core.verb:set package 'kr210_bringup' build argument 'cmake_force_configure' from command line to 'False'
[0.583s] Level 5:colcon.colcon_core.verb:set package 'kr210_bringup' build argument 'ament_cmake_args' from command line to 'None'
[0.583s] Level 5:colcon.colcon_core.verb:set package 'kr210_bringup' build argument 'catkin_cmake_args' from command line to 'None'
[0.583s] Level 5:colcon.colcon_core.verb:set package 'kr210_bringup' build argument 'catkin_skip_building_tests' from command line to 'False'
[0.583s] DEBUG:colcon.colcon_core.verb:Building package 'kr210_bringup' with the following arguments: {'ament_cmake_args': None, 'build_base': '/home/moose/ros2_ws/build/kr210_bringup', 'catkin_cmake_args': None, 'catkin_skip_building_tests': False, 'cmake_args': None, 'cmake_clean_cache': False, 'cmake_clean_first': False, 'cmake_force_configure': False, 'cmake_target': None, 'cmake_target_skip_unavailable': False, 'install_base': '/home/moose/ros2_ws/install/kr210_bringup', 'merge_install': False, 'path': '/home/moose/ros2_ws/src/kr210_bringup', 'symlink_install': False, 'test_result_base': None}
[0.584s] Level 5:colcon.colcon_core.verb:set package 'kr210_description' build argument 'cmake_args' from command line to 'None'
[0.584s] Level 5:colcon.colcon_core.verb:set package 'kr210_description' build argument 'cmake_target' from command line to 'None'
[0.584s] Level 5:colcon.colcon_core.verb:set package 'kr210_description' build argument 'cmake_target_skip_unavailable' from command line to 'False'
[0.584s] Level 5:colcon.colcon_core.verb:set package 'kr210_description' build argument 'cmake_clean_cache' from command line to 'False'
[0.584s] Level 5:colcon.colcon_core.verb:set package 'kr210_description' build argument 'cmake_clean_first' from command line to 'False'
[0.584s] Level 5:colcon.colcon_core.verb:set package 'kr210_description' build argument 'cmake_force_configure' from command line to 'False'
[0.584s] Level 5:colcon.colcon_core.verb:set package 'kr210_description' build argument 'ament_cmake_args' from command line to 'None'
[0.584s] Level 5:colcon.colcon_core.verb:set package 'kr210_description' build argument 'catkin_cmake_args' from command line to 'None'
[0.584s] Level 5:colcon.colcon_core.verb:set package 'kr210_description' build argument 'catkin_skip_building_tests' from command line to 'False'
[0.584s] DEBUG:colcon.colcon_core.verb:Building package 'kr210_description' with the following arguments: {'ament_cmake_args': None, 'build_base': '/home/moose/ros2_ws/build/kr210_description', 'catkin_cmake_args': None, 'catkin_skip_building_tests': False, 'cmake_args': None, 'cmake_clean_cache': False, 'cmake_clean_first': False, 'cmake_force_configure': False, 'cmake_target': None, 'cmake_target_skip_unavailable': False, 'install_base': '/home/moose/ros2_ws/install/kr210_description', 'merge_install': False, 'path': '/home/moose/ros2_ws/src/kr210_description', 'symlink_install': False, 'test_result_base': None}
[0.585s] INFO:colcon.colcon_core.executor:Executing jobs using 'parallel' executor
[0.587s] DEBUG:colcon.colcon_parallel_executor.executor.parallel:run_until_complete
[0.587s] INFO:colcon.colcon_ros.task.ament_cmake.build:Building ROS package in '/home/moose/ros2_ws/src/kr210_bringup' with build type 'ament_cmake'
[0.588s] INFO:colcon.colcon_cmake.task.cmake.build:Building CMake package in '/home/moose/ros2_ws/src/kr210_bringup'
[0.592s] INFO:colcon.colcon_core.plugin_system:Skipping extension 'colcon_core.shell.bat': Not used on non-Windows systems
[0.592s] INFO:colcon.colcon_core.shell:Skip shell extension 'powershell' for command environment: Not usable outside of PowerShell
[0.593s] DEBUG:colcon.colcon_core.shell:Skip shell extension 'dsv' for command environment
[0.598s] INFO:colcon.colcon_ros.task.ament_cmake.build:Building ROS package in '/home/moose/ros2_ws/src/kr210_description' with build type 'ament_cmake'
[0.598s] INFO:colcon.colcon_cmake.task.cmake.build:Building CMake package in '/home/moose/ros2_ws/src/kr210_description'
[0.599s] INFO:colcon.colcon_core.shell:Skip shell extension 'powershell' for command environment: Not usable outside of PowerShell
[0.599s] DEBUG:colcon.colcon_core.shell:Skip shell extension 'dsv' for command environment
[0.612s] DEBUG:colcon.colcon_core.event_handler.log_command:Invoking command in '/home/moose/ros2_ws/build/kr210_bringup': CMAKE_PREFIX_PATH=${CMAKE_PREFIX_PATH}:/opt/ros/humble /usr/bin/cmake --build /home/moose/ros2_ws/build/kr210_bringup -- -j4 -l4
[0.623s] DEBUG:colcon.colcon_core.event_handler.log_command:Invoking command in '/home/moose/ros2_ws/build/kr210_description': CMAKE_PREFIX_PATH=${CMAKE_PREFIX_PATH}:/opt/ros/humble /usr/bin/cmake --build /home/moose/ros2_ws/build/kr210_description -- -j4 -l4
[0.676s] DEBUG:colcon.colcon_core.event_handler.log_command:Invoked command in '/home/moose/ros2_ws/build/kr210_description' returned '0': CMAKE_PREFIX_PATH=${CMAKE_PREFIX_PATH}:/opt/ros/humble /usr/bin/cmake --build /home/moose/ros2_ws/build/kr210_description -- -j4 -l4
[0.678s] DEBUG:colcon.colcon_core.event_handler.log_command:Invoked command in '/home/moose/ros2_ws/build/kr210_bringup' returned '0': CMAKE_PREFIX_PATH=${CMAKE_PREFIX_PATH}:/opt/ros/humble /usr/bin/cmake --build /home/moose/ros2_ws/build/kr210_bringup -- -j4 -l4
[0.723s] DEBUG:colcon.colcon_core.event_handler.log_command:Invoking command in '/home/moose/ros2_ws/build/kr210_description': CMAKE_PREFIX_PATH=${CMAKE_PREFIX_PATH}:/opt/ros/humble /usr/bin/cmake --install /home/moose/ros2_ws/build/kr210_description
[0.727s] DEBUG:colcon.colcon_core.event_handler.log_command:Invoking command in '/home/moose/ros2_ws/build/kr210_bringup': CMAKE_PREFIX_PATH=${CMAKE_PREFIX_PATH}:/opt/ros/humble /usr/bin/cmake --install /home/moose/ros2_ws/build/kr210_bringup
[0.744s] Level 1:colcon.colcon_core.environment:create_environment_scripts_only(kr210_bringup)
[0.751s] DEBUG:colcon.colcon_core.event_handler.log_command:Invoked command in '/home/moose/ros2_ws/build/kr210_bringup' returned '0': CMAKE_PREFIX_PATH=${CMAKE_PREFIX_PATH}:/opt/ros/humble /usr/bin/cmake --install /home/moose/ros2_ws/build/kr210_bringup
[0.753s] Level 1:colcon.colcon_core.environment:checking '/home/moose/ros2_ws/install/kr210_bringup' for CMake module files
[0.754s] Level 1:colcon.colcon_core.environment:checking '/home/moose/ros2_ws/install/kr210_bringup' for CMake config files
[0.754s] Level 1:colcon.colcon_core.shell:create_environment_hook('kr210_bringup', 'cmake_prefix_path')
[0.755s] INFO:colcon.colcon_core.shell:Creating environment hook '/home/moose/ros2_ws/install/kr210_bringup/share/kr210_bringup/hook/cmake_prefix_path.ps1'
[0.755s] INFO:colcon.colcon_core.shell:Creating environment descriptor '/home/moose/ros2_ws/install/kr210_bringup/share/kr210_bringup/hook/cmake_prefix_path.dsv'
[0.756s] INFO:colcon.colcon_core.shell:Creating environment hook '/home/moose/ros2_ws/install/kr210_bringup/share/kr210_bringup/hook/cmake_prefix_path.sh'
[0.757s] Level 1:colcon.colcon_core.environment:checking '/home/moose/ros2_ws/install/kr210_bringup/bin'
[0.757s] Level 1:colcon.colcon_core.environment:checking '/home/moose/ros2_ws/install/kr210_bringup/lib/pkgconfig/kr210_bringup.pc'
[0.758s] Level 1:colcon.colcon_core.environment:checking '/home/moose/ros2_ws/install/kr210_bringup/lib/python3.10/site-packages'
[0.758s] Level 1:colcon.colcon_core.environment:checking '/home/moose/ros2_ws/install/kr210_bringup/bin'
[0.758s] INFO:colcon.colcon_core.shell:Creating package script '/home/moose/ros2_ws/install/kr210_bringup/share/kr210_bringup/package.ps1'
[0.759s] INFO:colcon.colcon_core.shell:Creating package descriptor '/home/moose/ros2_ws/install/kr210_bringup/share/kr210_bringup/package.dsv'
[0.760s] INFO:colcon.colcon_core.shell:Creating package script '/home/moose/ros2_ws/install/kr210_bringup/share/kr210_bringup/package.sh'
[0.761s] INFO:colcon.colcon_core.shell:Creating package script '/home/moose/ros2_ws/install/kr210_bringup/share/kr210_bringup/package.bash'
[0.762s] INFO:colcon.colcon_core.shell:Creating package script '/home/moose/ros2_ws/install/kr210_bringup/share/kr210_bringup/package.zsh'
[0.763s] Level 1:colcon.colcon_core.environment:create_file_with_runtime_dependencies(/home/moose/ros2_ws/install/kr210_bringup/share/colcon-core/packages/kr210_bringup)
[0.765s] Level 1:colcon.colcon_core.environment:create_environment_scripts_only(kr210_description)
[0.766s] Level 1:colcon.colcon_core.environment:checking '/home/moose/ros2_ws/install/kr210_description' for CMake module files
[0.768s] Level 1:colcon.colcon_core.environment:checking '/home/moose/ros2_ws/install/kr210_description' for CMake config files
[0.768s] DEBUG:colcon.colcon_core.event_handler.log_command:Invoked command in '/home/moose/ros2_ws/build/kr210_description' returned '0': CMAKE_PREFIX_PATH=${CMAKE_PREFIX_PATH}:/opt/ros/humble /usr/bin/cmake --install /home/moose/ros2_ws/build/kr210_description
[0.769s] Level 1:colcon.colcon_core.shell:create_environment_hook('kr210_description', 'cmake_prefix_path')
[0.770s] INFO:colcon.colcon_core.shell:Creating environment hook '/home/moose/ros2_ws/install/kr210_description/share/kr210_description/hook/cmake_prefix_path.ps1'
[0.771s] INFO:colcon.colcon_core.shell:Creating environment descriptor '/home/moose/ros2_ws/install/kr210_description/share/kr210_description/hook/cmake_prefix_path.dsv'
[0.771s] INFO:colcon.colcon_core.shell:Creating environment hook '/home/moose/ros2_ws/install/kr210_description/share/kr210_description/hook/cmake_prefix_path.sh'
[0.772s] Level 1:colcon.colcon_core.environment:checking '/home/moose/ros2_ws/install/kr210_description/bin'
[0.772s] Level 1:colcon.colcon_core.environment:checking '/home/moose/ros2_ws/install/kr210_description/lib/pkgconfig/kr210_description.pc'
[0.773s] Level 1:colcon.colcon_core.environment:checking '/home/moose/ros2_ws/install/kr210_description/lib/python3.10/site-packages'
[0.773s] Level 1:colcon.colcon_core.environment:checking '/home/moose/ros2_ws/install/kr210_description/bin'
[0.774s] INFO:colcon.colcon_core.shell:Creating package script '/home/moose/ros2_ws/install/kr210_description/share/kr210_description/package.ps1'
[0.775s] INFO:colcon.colcon_core.shell:Creating package descriptor '/home/moose/ros2_ws/install/kr210_description/share/kr210_description/package.dsv'
[0.776s] INFO:colcon.colcon_core.shell:Creating package script '/home/moose/ros2_ws/install/kr210_description/share/kr210_description/package.sh'
[0.777s] INFO:colcon.colcon_core.shell:Creating package script '/home/moose/ros2_ws/install/kr210_description/share/kr210_description/package.bash'
[0.777s] INFO:colcon.colcon_core.shell:Creating package script '/home/moose/ros2_ws/install/kr210_description/share/kr210_description/package.zsh'
[0.778s] Level 1:colcon.colcon_core.environment:create_file_with_runtime_dependencies(/home/moose/ros2_ws/install/kr210_description/share/colcon-core/packages/kr210_description)
[0.798s] Level 1:colcon.colcon_core.environment:create_environment_scripts_only(kr210_bringup)
[0.799s] Level 1:colcon.colcon_core.environment:checking '/home/moose/ros2_ws/install/kr210_bringup' for CMake module files
[0.800s] Level 1:colcon.colcon_core.environment:checking '/home/moose/ros2_ws/install/kr210_bringup' for CMake config files
[0.801s] Level 1:colcon.colcon_core.shell:create_environment_hook('kr210_bringup', 'cmake_prefix_path')
[0.801s] INFO:colcon.colcon_core.shell:Creating environment hook '/home/moose/ros2_ws/install/kr210_bringup/share/kr210_bringup/hook/cmake_prefix_path.ps1'
[0.802s] INFO:colcon.colcon_core.shell:Creating environment descriptor '/home/moose/ros2_ws/install/kr210_bringup/share/kr210_bringup/hook/cmake_prefix_path.dsv'
[0.803s] INFO:colcon.colcon_core.shell:Creating environment hook '/home/moose/ros2_ws/install/kr210_bringup/share/kr210_bringup/hook/cmake_prefix_path.sh'
[0.804s] Level 1:colcon.colcon_core.environment:checking '/home/moose/ros2_ws/install/kr210_bringup/bin'
[0.804s] Level 1:colcon.colcon_core.environment:checking '/home/moose/ros2_ws/install/kr210_bringup/lib/pkgconfig/kr210_bringup.pc'
[0.805s] Level 1:colcon.colcon_core.environment:checking '/home/moose/ros2_ws/install/kr210_bringup/lib/python3.10/site-packages'
[0.805s] Level 1:colcon.colcon_core.environment:checking '/home/moose/ros2_ws/install/kr210_bringup/bin'
[0.806s] INFO:colcon.colcon_core.shell:Creating package script '/home/moose/ros2_ws/install/kr210_bringup/share/kr210_bringup/package.ps1'
[0.806s] INFO:colcon.colcon_core.shell:Creating package descriptor '/home/moose/ros2_ws/install/kr210_bringup/share/kr210_bringup/package.dsv'
[0.807s] INFO:colcon.colcon_core.shell:Creating package script '/home/moose/ros2_ws/install/kr210_bringup/share/kr210_bringup/package.sh'
[0.808s] INFO:colcon.colcon_core.shell:Creating package script '/home/moose/ros2_ws/install/kr210_bringup/share/kr210_bringup/package.bash'
[0.808s] INFO:colcon.colcon_core.shell:Creating package script '/home/moose/ros2_ws/install/kr210_bringup/share/kr210_bringup/package.zsh'
[0.809s] Level 1:colcon.colcon_core.environment:create_file_with_runtime_dependencies(/home/moose/ros2_ws/install/kr210_bringup/share/colcon-core/packages/kr210_bringup)
[0.810s] Level 1:colcon.colcon_core.environment:create_environment_scripts_only(kr210_description)
[0.810s] Level 1:colcon.colcon_core.environment:checking '/home/moose/ros2_ws/install/kr210_description' for CMake module files
[0.811s] Level 1:colcon.colcon_core.environment:checking '/home/moose/ros2_ws/install/kr210_description' for CMake config files
[0.811s] Level 1:colcon.colcon_core.shell:create_environment_hook('kr210_description', 'cmake_prefix_path')
[0.812s] INFO:colcon.colcon_core.shell:Creating environment hook '/home/moose/ros2_ws/install/kr210_description/share/kr210_description/hook/cmake_prefix_path.ps1'
[0.812s] INFO:colcon.colcon_core.shell:Creating environment descriptor '/home/moose/ros2_ws/install/kr210_description/share/kr210_description/hook/cmake_prefix_path.dsv'
[0.812s] INFO:colcon.colcon_core.shell:Creating environment hook '/home/moose/ros2_ws/install/kr210_description/share/kr210_description/hook/cmake_prefix_path.sh'
[0.813s] Level 1:colcon.colcon_core.environment:checking '/home/moose/ros2_ws/install/kr210_description/bin'
[0.813s] Level 1:colcon.colcon_core.environment:checking '/home/moose/ros2_ws/install/kr210_description/lib/pkgconfig/kr210_description.pc'
[0.813s] Level 1:colcon.colcon_core.environment:checking '/home/moose/ros2_ws/install/kr210_description/lib/python3.10/site-packages'
[0.813s] Level 1:colcon.colcon_core.environment:checking '/home/moose/ros2_ws/install/kr210_description/bin'
[0.814s] INFO:colcon.colcon_core.shell:Creating package script '/home/moose/ros2_ws/install/kr210_description/share/kr210_description/package.ps1'
[0.815s] INFO:colcon.colcon_core.shell:Creating package descriptor '/home/moose/ros2_ws/install/kr210_description/share/kr210_description/package.dsv'
[0.817s] INFO:colcon.colcon_core.shell:Creating package script '/home/moose/ros2_ws/install/kr210_description/share/kr210_description/package.sh'
[0.818s] INFO:colcon.colcon_core.shell:Creating package script '/home/moose/ros2_ws/install/kr210_description/share/kr210_description/package.bash'
[0.818s] INFO:colcon.colcon_core.shell:Creating package script '/home/moose/ros2_ws/install/kr210_description/share/kr210_description/package.zsh'
[0.819s] Level 1:colcon.colcon_core.environment:create_file_with_runtime_dependencies(/home/moose/ros2_ws/install/kr210_description/share/colcon-core/packages/kr210_description)
[0.820s] DEBUG:colcon.colcon_parallel_executor.executor.parallel:closing loop
[0.820s] DEBUG:colcon.colcon_parallel_executor.executor.parallel:loop closed
[0.820s] DEBUG:colcon.colcon_parallel_executor.executor.parallel:run_until_complete finished with '0'
[0.821s] DEBUG:colcon.colcon_core.event_reactor:joining thread
[0.827s] INFO:colcon.colcon_core.plugin_system:Skipping extension 'colcon_notification.desktop_notification.terminal_notifier': Not used on non-Darwin systems
[0.827s] INFO:colcon.colcon_core.plugin_system:Skipping extension 'colcon_notification.desktop_notification.win32': Not used on non-Windows systems
[0.827s] INFO:colcon.colcon_notification.desktop_notification:Sending desktop notification using 'notify2'
[0.840s] DEBUG:colcon.colcon_core.event_reactor:joined thread
[0.841s] INFO:colcon.colcon_core.shell:Creating prefix script '/home/moose/ros2_ws/install/local_setup.ps1'
[0.842s] INFO:colcon.colcon_core.shell:Creating prefix util module '/home/moose/ros2_ws/install/_local_setup_util_ps1.py'
[0.844s] INFO:colcon.colcon_core.shell:Creating prefix chain script '/home/moose/ros2_ws/install/setup.ps1'
[0.845s] INFO:colcon.colcon_core.shell:Creating prefix script '/home/moose/ros2_ws/install/local_setup.sh'
[0.846s] INFO:colcon.colcon_core.shell:Creating prefix util module '/home/moose/ros2_ws/install/_local_setup_util_sh.py'
[0.846s] INFO:colcon.colcon_core.shell:Creating prefix chain script '/home/moose/ros2_ws/install/setup.sh'
[0.849s] INFO:colcon.colcon_core.shell:Creating prefix script '/home/moose/ros2_ws/install/local_setup.bash'
[0.850s] INFO:colcon.colcon_core.shell:Creating prefix chain script '/home/moose/ros2_ws/install/setup.bash'
[0.852s] INFO:colcon.colcon_core.shell:Creating prefix script '/home/moose/ros2_ws/install/local_setup.zsh'
[0.853s] INFO:colcon.colcon_core.shell:Creating prefix chain script '/home/moose/ros2_ws/install/setup.zsh'
